<?xml version="1.0" encoding="UTF-8"?>
<coverage generated="1780926250">
  <project timestamp="1780926250" name="Clover Coverage">
    <package name="Spora\Agents">
      <file name="/Users/fabeat/Development/Spora/.claude/worktrees/agent-af2ea2eda9372840a/app/Agents/MessageHistoryBuilder.php">
        <class name="Spora\Agents\MessageHistoryBuilder" namespace="Spora\Agents">
          <metrics complexity="25" methods="9" coveredmethods="5" conditionals="0" coveredconditionals="0" statements="67" coveredstatements="62" elements="76" coveredelements="67"/>
        </class>
        <line num="30" type="method" name="build" visibility="public" complexity="1" crap="1" count="83"/>
        <line num="32" type="stmt" count="83"/>
        <line num="33" type="stmt" count="83"/>
        <line num="34" type="stmt" count="83"/>
        <line num="36" type="stmt" count="83"/>
        <line num="37" type="stmt" count="83"/>
        <line num="39" type="stmt" count="83"/>
        <line num="52" type="method" name="applySummaryCompaction" visibility="private" complexity="4" crap="4.01" count="83"/>
        <line num="54" type="stmt" count="83"/>
        <line num="55" type="stmt" count="83"/>
        <line num="57" type="stmt" count="83"/>
        <line num="58" type="stmt" count="77"/>
        <line num="59" type="stmt" count="8"/>
        <line num="60" type="stmt" count="8"/>
        <line num="61" type="stmt" count="8"/>
        <line num="63" type="stmt" count="8"/>
        <line num="66" type="stmt" count="77"/>
        <line num="67" type="stmt" count="0"/>
        <line num="70" type="stmt" count="77"/>
        <line num="71" type="stmt" count="77"/>
        <line num="72" type="stmt" count="77"/>
        <line num="75" type="stmt" count="83"/>
        <line num="78" type="method" name="isSummaryRow" visibility="private" complexity="2" crap="2" count="77"/>
        <line num="80" type="stmt" count="77"/>
        <line num="83" type="method" name="parseSummaryRange" visibility="private" complexity="2" crap="2.15" count="8"/>
        <line num="85" type="stmt" count="8"/>
        <line num="86" type="stmt" count="0"/>
        <line num="89" type="stmt" count="8"/>
        <line num="99" type="method" name="evictCompactedRows" visibility="private" complexity="3" crap="3.03" count="8"/>
        <line num="101" type="stmt" count="8"/>
        <line num="102" type="stmt" count="0"/>
        <line num="105" type="stmt" count="8"/>
        <line num="106" type="stmt" count="8"/>
        <line num="107" type="stmt" count="8"/>
        <line num="108" type="stmt" count="8"/>
        <line num="110" type="stmt" count="8"/>
        <line num="116" type="method" name="summaryMessage" visibility="private" complexity="1" crap="1" count="8"/>
        <line num="118" type="stmt" count="8"/>
        <line num="119" type="stmt" count="8"/>
        <line num="120" type="stmt" count="8"/>
        <line num="121" type="stmt" count="8"/>
        <line num="122" type="stmt" count="8"/>
        <line num="131" type="method" name="messageFromHistoryRow" visibility="private" complexity="4" crap="4" count="77"/>
        <line num="133" type="stmt" count="77"/>
        <line num="134" type="stmt" count="38"/>
        <line num="135" type="stmt" count="38"/>
        <line num="136" type="stmt" count="38"/>
        <line num="137" type="stmt" count="38"/>
        <line num="138" type="stmt" count="38"/>
        <line num="139" type="stmt" count="38"/>
        <line num="142" type="stmt" count="77"/>
        <line num="143" type="stmt" count="44"/>
        <line num="144" type="stmt" count="44"/>
        <line num="145" type="stmt" count="44"/>
        <line num="146" type="stmt" count="44"/>
        <line num="147" type="stmt" count="44"/>
        <line num="150" type="stmt" count="77"/>
        <line num="151" type="stmt" count="77"/>
        <line num="152" type="stmt" count="77"/>
        <line num="153" type="stmt" count="77"/>
        <line num="163" type="method" name="decodeToolCallPayload" visibility="private" complexity="6" crap="6.22" count="44"/>
        <line num="165" type="stmt" count="44"/>
        <line num="166" type="stmt" count="44"/>
        <line num="167" type="stmt" count="0"/>
        <line num="170" type="stmt" count="44"/>
        <line num="171" type="stmt" count="44"/>
        <line num="172" type="stmt" count="0"/>
        <line num="175" type="stmt" count="44"/>
        <line num="176" type="stmt" count="44"/>
        <line num="177" type="stmt" count="44"/>
        <line num="178" type="stmt" count="31"/>
        <line num="182" type="stmt" count="44"/>
        <line num="191" type="method" name="stripScaffoldingKeys" visibility="private" complexity="2" crap="2" count="83"/>
        <line num="193" type="stmt" count="83"/>
        <line num="194" type="stmt" count="77"/>
        <line num="196" type="stmt" count="83"/>
        <metrics loc="199" ncloc="141" classes="1" methods="9" coveredmethods="5" conditionals="0" coveredconditionals="0" statements="67" coveredstatements="62" elements="76" coveredelements="67"/>
      </file>
      <file name="/Users/fabeat/Development/Spora/.claude/worktrees/agent-af2ea2eda9372840a/app/Agents/Orchestrator.php">
        <class name="Spora\Agents\Orchestrator" namespace="Spora\Agents">
          <metrics complexity="194" methods="56" coveredmethods="36" conditionals="0" coveredconditionals="0" statements="847" coveredstatements="779" elements="903" coveredelements="815"/>
        </class>
        <line num="67" type="method" name="__construct" visibility="public" complexity="1" crap="1" count="87"/>
        <line num="78" type="stmt" count="87"/>
        <line num="82" type="method" name="start" visibility="public" complexity="4" crap="4" count="52"/>
        <line num="84" type="stmt" count="52"/>
        <line num="86" type="stmt" count="52"/>
        <line num="88" type="stmt" count="52"/>
        <line num="89" type="stmt" count="52"/>
        <line num="90" type="stmt" count="52"/>
        <line num="91" type="stmt" count="52"/>
        <line num="92" type="stmt" count="52"/>
        <line num="93" type="stmt" count="52"/>
        <line num="94" type="stmt" count="52"/>
        <line num="95" type="stmt" count="52"/>
        <line num="96" type="stmt" count="52"/>
        <line num="97" type="stmt" count="52"/>
        <line num="99" type="stmt" count="52"/>
        <line num="101" type="stmt" count="52"/>
        <line num="102" type="stmt" count="51"/>
        <line num="105" type="stmt" count="50"/>
        <line num="108" type="method" name="continue" visibility="public" complexity="5" crap="5" count="3"/>
        <line num="110" type="stmt" count="3"/>
        <line num="112" type="stmt" count="3"/>
        <line num="113" type="stmt" count="1"/>
        <line num="116" type="stmt" count="2"/>
        <line num="118" type="stmt" count="2"/>
        <line num="119" type="stmt" count="2"/>
        <line num="120" type="stmt" count="2"/>
        <line num="122" type="stmt" count="2"/>
        <line num="123" type="stmt" count="1"/>
        <line num="126" type="stmt" count="2"/>
        <line num="128" type="stmt" count="2"/>
        <line num="129" type="stmt" count="2"/>
        <line num="132" type="stmt" count="2"/>
        <line num="135" type="method" name="tick" visibility="public" complexity="4" crap="4" count="78"/>
        <line num="137" type="stmt" count="78"/>
        <line num="138" type="stmt" count="78"/>
        <line num="139" type="stmt" count="4"/>
        <line num="143" type="stmt" count="76"/>
        <line num="144" type="stmt" count="2"/>
        <line num="145" type="stmt" count="2"/>
        <line num="146" type="stmt" count="2"/>
        <line num="149" type="stmt" count="74"/>
        <line num="152" type="stmt" count="74"/>
        <line num="153" type="stmt" count="66"/>
        <line num="154" type="stmt" count="11"/>
        <line num="155" type="stmt" count="11"/>
        <line num="159" type="method" name="lockRunningTaskForTick" visibility="private" complexity="3" crap="3" count="78"/>
        <line num="161" type="stmt" count="78"/>
        <line num="163" type="stmt" count="78"/>
        <line num="164" type="stmt" count="78"/>
        <line num="166" type="stmt" count="78"/>
        <line num="167" type="stmt" count="2"/>
        <line num="170" type="stmt" count="76"/>
        <line num="171" type="stmt" count="2"/>
        <line num="172" type="stmt" count="2"/>
        <line num="173" type="stmt" count="2"/>
        <line num="174" type="stmt" count="2"/>
        <line num="177" type="stmt" count="76"/>
        <line num="178" type="stmt" count="78"/>
        <line num="180" type="stmt" count="78"/>
        <line num="193" type="method" name="prepareTickContext" visibility="private" complexity="1" crap="1" count="76"/>
        <line num="195" type="stmt" count="76"/>
        <line num="196" type="stmt" count="76"/>
        <line num="198" type="stmt" count="76"/>
        <line num="200" type="stmt" count="74"/>
        <line num="201" type="stmt" count="74"/>
        <line num="202" type="stmt" count="74"/>
        <line num="203" type="stmt" count="74"/>
        <line num="204" type="stmt" count="74"/>
        <line num="205" type="stmt" count="74"/>
        <line num="206" type="stmt" count="74"/>
        <line num="207" type="stmt" count="74"/>
        <line num="209" type="stmt" count="74"/>
        <line num="210" type="stmt" count="74"/>
        <line num="211" type="stmt" count="74"/>
        <line num="212" type="stmt" count="74"/>
        <line num="213" type="stmt" count="74"/>
        <line num="214" type="stmt" count="74"/>
        <line num="215" type="stmt" count="74"/>
        <line num="216" type="stmt" count="74"/>
        <line num="219" type="method" name="resolveSystemPrompt" visibility="private" complexity="3" crap="3" count="74"/>
        <line num="221" type="stmt" count="74"/>
        <line num="222" type="stmt" count="1"/>
        <line num="223" type="stmt" count="74"/>
        <line num="226" type="method" name="markTaskNoLlmConfiguration" visibility="private" complexity="2" crap="2.01" count="2"/>
        <line num="228" type="stmt" count="2"/>
        <line num="229" type="stmt" count="0"/>
        <line num="232" type="stmt" count="2"/>
        <line num="233" type="stmt" count="2"/>
        <line num="234" type="stmt" count="2"/>
        <line num="235" type="stmt" count="2"/>
        <line num="236" type="stmt" count="2"/>
        <line num="237" type="stmt" count="2"/>
        <line num="240" type="method" name="dispatchLlmRequest" visibility="private" complexity="1" crap="1" count="74"/>
        <line num="242" type="stmt" count="74"/>
        <line num="243" type="stmt" count="74"/>
        <line num="244" type="stmt" count="74"/>
        <line num="254" type="method" name="handleTickLlmResponse" visibility="private" complexity="2" crap="2" count="66"/>
        <line num="256" type="stmt" count="66"/>
        <line num="257" type="stmt" count="66"/>
        <line num="258" type="stmt" count="66"/>
        <line num="260" type="stmt" count="66"/>
        <line num="261" type="stmt" count="37"/>
        <line num="262" type="stmt" count="37"/>
        <line num="263" type="stmt" count="37"/>
        <line num="266" type="stmt" count="59"/>
        <line num="269" type="method" name="recordAssistantToolCallBatch" visibility="private" complexity="2" crap="2" count="37"/>
        <line num="271" type="stmt" count="37"/>
        <line num="272" type="stmt" count="37"/>
        <line num="273" type="stmt" count="37"/>
        <line num="274" type="stmt" count="37"/>
        <line num="275" type="stmt" count="37"/>
        <line num="276" type="stmt" count="37"/>
        <line num="277" type="stmt" count="37"/>
        <line num="278" type="stmt" count="37"/>
        <line num="279" type="stmt" count="37"/>
        <line num="280" type="stmt" count="37"/>
        <line num="281" type="stmt" count="37"/>
        <line num="283" type="stmt" count="37"/>
        <line num="284" type="stmt" count="37"/>
        <line num="285" type="stmt" count="37"/>
        <line num="286" type="stmt" count="37"/>
        <line num="287" type="stmt" count="37"/>
        <line num="288" type="stmt" count="37"/>
        <line num="289" type="stmt" count="37"/>
        <line num="290" type="stmt" count="37"/>
        <line num="291" type="stmt" count="37"/>
        <line num="292" type="stmt" count="37"/>
        <line num="295" type="method" name="completeTaskWithResponse" visibility="private" complexity="2" crap="2" count="59"/>
        <line num="297" type="stmt" count="59"/>
        <line num="298" type="stmt" count="59"/>
        <line num="299" type="stmt" count="59"/>
        <line num="300" type="stmt" count="59"/>
        <line num="301" type="stmt" count="59"/>
        <line num="302" type="stmt" count="59"/>
        <line num="303" type="stmt" count="59"/>
        <line num="304" type="stmt" count="59"/>
        <line num="305" type="stmt" count="59"/>
        <line num="306" type="stmt" count="59"/>
        <line num="308" type="stmt" count="59"/>
        <line num="309" type="stmt" count="59"/>
        <line num="310" type="stmt" count="59"/>
        <line num="312" type="stmt" count="59"/>
        <line num="313" type="stmt" count="59"/>
        <line num="323" type="method" name="handleTickFailure" visibility="private" complexity="5" crap="5" count="11"/>
        <line num="325" type="stmt" count="11"/>
        <line num="326" type="stmt" count="11"/>
        <line num="327" type="stmt" count="11"/>
        <line num="328" type="stmt" count="11"/>
        <line num="329" type="stmt" count="11"/>
        <line num="331" type="stmt" count="11"/>
        <line num="332" type="stmt" count="3"/>
        <line num="333" type="stmt" count="1"/>
        <line num="336" type="stmt" count="8"/>
        <line num="337" type="stmt" count="8"/>
        <line num="340" type="stmt" count="8"/>
        <line num="341" type="stmt" count="8"/>
        <line num="342" type="stmt" count="8"/>
        <line num="343" type="stmt" count="8"/>
        <line num="344" type="stmt" count="8"/>
        <line num="345" type="stmt" count="8"/>
        <line num="346" type="stmt" count="8"/>
        <line num="347" type="stmt" count="8"/>
        <line num="349" type="stmt" count="8"/>
        <line num="350" type="stmt" count="8"/>
        <line num="351" type="stmt" count="8"/>
        <line num="352" type="stmt" count="8"/>
        <line num="355" type="stmt" count="0"/>
        <line num="359" type="stmt" count="8"/>
        <line num="362" type="method" name="notifyFailedAndScheduleRetry" visibility="private" complexity="3" crap="8.21" count="8"/>
        <line num="365" type="stmt" count="8"/>
        <line num="366" type="stmt" count="0"/>
        <line num="367" type="stmt" count="0"/>
        <line num="368" type="stmt" count="0"/>
        <line num="369" type="stmt" count="0"/>
        <line num="370" type="stmt" count="0"/>
        <line num="374" type="stmt" count="8"/>
        <line num="375" type="stmt" count="0"/>
        <line num="376" type="stmt" count="0"/>
        <line num="377" type="stmt" count="0"/>
        <line num="378" type="stmt" count="0"/>
        <line num="379" type="stmt" count="0"/>
        <line num="383" type="method" name="isContextWindowError" visibility="private" complexity="3" crap="3" count="11"/>
        <line num="385" type="stmt" count="11"/>
        <line num="386" type="stmt" count="7"/>
        <line num="389" type="stmt" count="4"/>
        <line num="391" type="stmt" count="4"/>
        <line num="392" type="stmt" count="3"/>
        <line num="393" type="stmt" count="3"/>
        <line num="396" type="stmt" count="1"/>
        <line num="399" type="method" name="tryCompactionAndRetry" visibility="private" complexity="7" crap="7.77" count="3"/>
        <line num="401" type="stmt" count="3"/>
        <line num="402" type="stmt" count="0"/>
        <line num="405" type="stmt" count="3"/>
        <line num="407" type="stmt" count="3"/>
        <line num="408" type="stmt" count="3"/>
        <line num="409" type="stmt" count="2"/>
        <line num="410" type="stmt" count="2"/>
        <line num="411" type="stmt" count="2"/>
        <line num="412" type="stmt" count="0"/>
        <line num="414" type="stmt" count="2"/>
        <line num="415" type="stmt" count="2"/>
        <line num="416" type="stmt" count="2"/>
        <line num="417" type="stmt" count="2"/>
        <line num="418" type="stmt" count="2"/>
        <line num="419" type="stmt" count="2"/>
        <line num="421" type="stmt" count="2"/>
        <line num="422" type="stmt" count="2"/>
        <line num="425" type="stmt" count="1"/>
        <line num="426" type="stmt" count="1"/>
        <line num="427" type="stmt" count="1"/>
        <line num="429" type="stmt" count="1"/>
        <line num="432" type="stmt" count="1"/>
        <line num="433" type="stmt" count="0"/>
        <line num="434" type="stmt" count="0"/>
        <line num="435" type="stmt" count="0"/>
        <line num="439" type="stmt" count="1"/>
        <line num="440" type="stmt" count="0"/>
        <line num="441" type="stmt" count="0"/>
        <line num="445" type="method" name="compactHistory" visibility="private" complexity="11" crap="11.29" count="1"/>
        <line num="447" type="stmt" count="1"/>
        <line num="448" type="stmt" count="1"/>
        <line num="449" type="stmt" count="1"/>
        <line num="451" type="stmt" count="1"/>
        <line num="452" type="stmt" count="1"/>
        <line num="453" type="stmt" count="0"/>
        <line num="456" type="stmt" count="1"/>
        <line num="458" type="stmt" count="1"/>
        <line num="459" type="stmt" count="1"/>
        <line num="460" type="stmt" count="1"/>
        <line num="461" type="stmt" count="1"/>
        <line num="463" type="stmt" count="1"/>
        <line num="464" type="stmt" count="1"/>
        <line num="465" type="stmt" count="1"/>
        <line num="466" type="stmt" count="1"/>
        <line num="467" type="stmt" count="0"/>
        <line num="469" type="stmt" count="1"/>
        <line num="470" type="stmt" count="1"/>
        <line num="474" type="stmt" count="1"/>
        <line num="475" type="stmt" count="0"/>
        <line num="476" type="stmt" count="0"/>
        <line num="477" type="stmt" count="0"/>
        <line num="478" type="stmt" count="0"/>
        <line num="479" type="stmt" count="0"/>
        <line num="482" type="stmt" count="1"/>
        <line num="483" type="stmt" count="0"/>
        <line num="484" type="stmt" count="1"/>
        <line num="486" type="stmt" count="1"/>
        <line num="488" type="stmt" count="1"/>
        <line num="489" type="stmt" count="1"/>
        <line num="490" type="stmt" count="1"/>
        <line num="491" type="stmt" count="1"/>
        <line num="492" type="stmt" count="1"/>
        <line num="493" type="stmt" count="1"/>
        <line num="494" type="stmt" count="1"/>
        <line num="496" type="stmt" count="1"/>
        <line num="497" type="stmt" count="1"/>
        <line num="499" type="stmt" count="1"/>
        <line num="501" type="stmt" count="1"/>
        <line num="502" type="stmt" count="1"/>
        <line num="503" type="stmt" count="1"/>
        <line num="504" type="stmt" count="1"/>
        <line num="505" type="stmt" count="1"/>
        <line num="507" type="stmt" count="1"/>
        <line num="508" type="stmt" count="1"/>
        <line num="509" type="stmt" count="1"/>
        <line num="510" type="stmt" count="1"/>
        <line num="511" type="stmt" count="1"/>
        <line num="512" type="stmt" count="1"/>
        <line num="513" type="stmt" count="1"/>
        <line num="515" type="stmt" count="1"/>
        <line num="516" type="stmt" count="1"/>
        <line num="517" type="stmt" count="1"/>
        <line num="518" type="stmt" count="1"/>
        <line num="520" type="stmt" count="1"/>
        <line num="521" type="stmt" count="1"/>
        <line num="522" type="stmt" count="1"/>
        <line num="523" type="stmt" count="1"/>
        <line num="524" type="stmt" count="1"/>
        <line num="526" type="stmt" count="1"/>
        <line num="529" type="method" name="extractActualContextWindow" visibility="private" complexity="3" crap="3.21" count="2"/>
        <line num="531" type="stmt" count="2"/>
        <line num="532" type="stmt" count="0"/>
        <line num="535" type="stmt" count="2"/>
        <line num="536" type="stmt" count="2"/>
        <line num="537" type="stmt" count="2"/>
        <line num="538" type="stmt" count="2"/>
        <line num="541" type="stmt" count="0"/>
        <line num="547" type="method" name="friendlyMessageForError" visibility="private" complexity="3" crap="4.12" count="8"/>
        <line num="549" type="stmt" count="8"/>
        <line num="551" type="stmt" count="8"/>
        <line num="552" type="stmt" count="0"/>
        <line num="553" type="stmt" count="0"/>
        <line num="554" type="stmt" count="0"/>
        <line num="558" type="stmt" count="8"/>
        <line num="566" type="method" name="resume" visibility="public" complexity="3" crap="3" count="7"/>
        <line num="568" type="stmt" count="7"/>
        <line num="571" type="stmt" count="6"/>
        <line num="572" type="stmt" count="6"/>
        <line num="573" type="stmt" count="6"/>
        <line num="574" type="stmt" count="6"/>
        <line num="576" type="stmt" count="6"/>
        <line num="578" type="stmt" count="6"/>
        <line num="579" type="stmt" count="5"/>
        <line num="582" type="stmt" count="6"/>
        <line num="583" type="stmt" count="6"/>
        <line num="584" type="stmt" count="1"/>
        <line num="585" type="stmt" count="1"/>
        <line num="586" type="stmt" count="1"/>
        <line num="593" type="method" name="loadTaskAndStateForResume" visibility="private" complexity="5" crap="5.01" count="7"/>
        <line num="595" type="stmt" count="7"/>
        <line num="596" type="stmt" count="7"/>
        <line num="598" type="stmt" count="7"/>
        <line num="600" type="stmt" count="7"/>
        <line num="602" type="stmt" count="7"/>
        <line num="603" type="stmt" count="1"/>
        <line num="606" type="stmt" count="6"/>
        <line num="607" type="stmt" count="1"/>
        <line num="608" type="stmt" count="5"/>
        <line num="610" type="stmt" count="6"/>
        <line num="611" type="stmt" count="6"/>
        <line num="612" type="stmt" count="7"/>
        <line num="614" type="stmt" count="6"/>
        <line num="615" type="stmt" count="0"/>
        <line num="618" type="stmt" count="6"/>
        <line num="621" type="method" name="emptyAgentStateFor" visibility="private" complexity="1" crap="1" count="1"/>
        <line num="623" type="stmt" count="1"/>
        <line num="624" type="stmt" count="1"/>
        <line num="625" type="stmt" count="1"/>
        <line num="626" type="stmt" count="1"/>
        <line num="627" type="stmt" count="1"/>
        <line num="628" type="stmt" count="1"/>
        <line num="629" type="stmt" count="1"/>
        <line num="630" type="stmt" count="1"/>
        <line num="631" type="stmt" count="1"/>
        <line num="637" type="method" name="indexApprovedBatch" visibility="private" complexity="2" crap="2" count="6"/>
        <line num="639" type="stmt" count="6"/>
        <line num="640" type="stmt" count="6"/>
        <line num="641" type="stmt" count="5"/>
        <line num="643" type="stmt" count="6"/>
        <line num="646" type="method" name="executeApprovedToolCall" visibility="private" complexity="2" crap="2" count="5"/>
        <line num="653" type="stmt" count="5"/>
        <line num="654" type="stmt" count="5"/>
        <line num="657" type="stmt" count="5"/>
        <line num="658" type="stmt" count="1"/>
        <line num="659" type="stmt" count="1"/>
        <line num="660" type="stmt" count="1"/>
        <line num="663" type="stmt" count="4"/>
        <line num="664" type="stmt" count="4"/>
        <line num="667" type="method" name="recordResumeValidationFailure" visibility="private" complexity="1" crap="1" count="1"/>
        <line num="673" type="stmt" count="1"/>
        <line num="675" type="stmt" count="1"/>
        <line num="676" type="stmt" count="1"/>
        <line num="677" type="stmt" count="1"/>
        <line num="678" type="stmt" count="1"/>
        <line num="679" type="stmt" count="1"/>
        <line num="680" type="stmt" count="1"/>
        <line num="681" type="stmt" count="1"/>
        <line num="682" type="stmt" count="1"/>
        <line num="683" type="stmt" count="1"/>
        <line num="685" type="stmt" count="1"/>
        <line num="686" type="stmt" count="1"/>
        <line num="687" type="stmt" count="1"/>
        <line num="688" type="stmt" count="1"/>
        <line num="689" type="stmt" count="1"/>
        <line num="690" type="stmt" count="1"/>
        <line num="691" type="stmt" count="1"/>
        <line num="694" type="method" name="recordResumeExecutionResult" visibility="private" complexity="2" crap="2" count="4"/>
        <line num="701" type="stmt" count="4"/>
        <line num="702" type="stmt" count="4"/>
        <line num="703" type="stmt" count="4"/>
        <line num="704" type="stmt" count="4"/>
        <line num="705" type="stmt" count="4"/>
        <line num="706" type="stmt" count="4"/>
        <line num="707" type="stmt" count="4"/>
        <line num="708" type="stmt" count="4"/>
        <line num="709" type="stmt" count="4"/>
        <line num="712" type="stmt" count="4"/>
        <line num="713" type="stmt" count="4"/>
        <line num="714" type="stmt" count="4"/>
        <line num="715" type="stmt" count="4"/>
        <line num="716" type="stmt" count="4"/>
        <line num="717" type="stmt" count="4"/>
        <line num="718" type="stmt" count="4"/>
        <line num="719" type="stmt" count="4"/>
        <line num="720" type="stmt" count="4"/>
        <line num="723" type="method" name="cleanupStrandedApprovals" visibility="private" complexity="2" crap="2" count="6"/>
        <line num="726" type="stmt" count="6"/>
        <line num="727" type="stmt" count="6"/>
        <line num="728" type="stmt" count="6"/>
        <line num="730" type="stmt" count="6"/>
        <line num="731" type="stmt" count="2"/>
        <line num="732" type="stmt" count="2"/>
        <line num="733" type="stmt" count="2"/>
        <line num="734" type="stmt" count="2"/>
        <line num="735" type="stmt" count="2"/>
        <line num="736" type="stmt" count="2"/>
        <line num="737" type="stmt" count="2"/>
        <line num="738" type="stmt" count="2"/>
        <line num="739" type="stmt" count="2"/>
        <line num="742" type="stmt" count="6"/>
        <line num="743" type="stmt" count="6"/>
        <line num="744" type="stmt" count="6"/>
        <line num="747" type="method" name="completeResume" visibility="private" complexity="3" crap="3" count="6"/>
        <line num="749" type="stmt" count="6"/>
        <line num="750" type="stmt" count="6"/>
        <line num="752" type="stmt" count="6"/>
        <line num="755" type="stmt" count="6"/>
        <line num="759" type="method" name="markResumeFailed" visibility="private" complexity="1" crap="1" count="1"/>
        <line num="761" type="stmt" count="1"/>
        <line num="762" type="stmt" count="1"/>
        <line num="763" type="stmt" count="1"/>
        <line num="764" type="stmt" count="1"/>
        <line num="765" type="stmt" count="1"/>
        <line num="766" type="stmt" count="1"/>
        <line num="769" type="method" name="reject" visibility="public" complexity="9" crap="10.09" count="2"/>
        <line num="771" type="stmt" count="2"/>
        <line num="772" type="stmt" count="2"/>
        <line num="774" type="stmt" count="2"/>
        <line num="776" type="stmt" count="2"/>
        <line num="778" type="stmt" count="2"/>
        <line num="779" type="stmt" count="1"/>
        <line num="781" type="stmt" count="1"/>
        <line num="782" type="stmt" count="0"/>
        <line num="784" type="stmt" count="1"/>
        <line num="787" type="stmt" count="1"/>
        <line num="788" type="stmt" count="1"/>
        <line num="789" type="stmt" count="2"/>
        <line num="792" type="stmt" count="1"/>
        <line num="793" type="stmt" count="0"/>
        <line num="796" type="stmt" count="1"/>
        <line num="797" type="stmt" count="1"/>
        <line num="798" type="stmt" count="1"/>
        <line num="800" type="stmt" count="1"/>
        <line num="801" type="stmt" count="1"/>
        <line num="802" type="stmt" count="1"/>
        <line num="804" type="stmt" count="1"/>
        <line num="805" type="stmt" count="1"/>
        <line num="806" type="stmt" count="1"/>
        <line num="807" type="stmt" count="1"/>
        <line num="808" type="stmt" count="1"/>
        <line num="809" type="stmt" count="1"/>
        <line num="810" type="stmt" count="1"/>
        <line num="811" type="stmt" count="1"/>
        <line num="812" type="stmt" count="1"/>
        <line num="813" type="stmt" count="1"/>
        <line num="816" type="stmt" count="1"/>
        <line num="817" type="stmt" count="1"/>
        <line num="819" type="stmt" count="1"/>
        <line num="822" type="stmt" count="1"/>
        <line num="825" type="stmt" count="0"/>
        <line num="826" type="stmt" count="0"/>
        <line num="827" type="stmt" count="0"/>
        <line num="828" type="stmt" count="0"/>
        <line num="829" type="stmt" count="0"/>
        <line num="830" type="stmt" count="0"/>
        <line num="831" type="stmt" count="0"/>
        <line num="832" type="stmt" count="0"/>
        <line num="837" type="method" name="handleToolCalls" visibility="private" complexity="11" crap="11" count="37"/>
        <line num="840" type="stmt" count="37"/>
        <line num="842" type="stmt" count="37"/>
        <line num="844" type="stmt" count="37"/>
        <line num="845" type="stmt" count="36"/>
        <line num="847" type="stmt" count="36"/>
        <line num="848" type="stmt" count="2"/>
        <line num="851" type="stmt" count="34"/>
        <line num="852" type="stmt" count="34"/>
        <line num="853" type="stmt" count="34"/>
        <line num="855" type="stmt" count="34"/>
        <line num="856" type="stmt" count="34"/>
        <line num="857" type="stmt" count="34"/>
        <line num="859" type="stmt" count="34"/>
        <line num="860" type="stmt" count="2"/>
        <line num="861" type="stmt" count="2"/>
        <line num="862" type="stmt" count="2"/>
        <line num="863" type="stmt" count="2"/>
        <line num="864" type="stmt" count="2"/>
        <line num="865" type="stmt" count="2"/>
        <line num="866" type="stmt" count="2"/>
        <line num="867" type="stmt" count="2"/>
        <line num="868" type="stmt" count="2"/>
        <line num="869" type="stmt" count="2"/>
        <line num="870" type="stmt" count="2"/>
        <line num="871" type="stmt" count="2"/>
        <line num="872" type="stmt" count="2"/>
        <line num="873" type="stmt" count="2"/>
        <line num="874" type="stmt" count="2"/>
        <line num="875" type="stmt" count="2"/>
        <line num="876" type="stmt" count="2"/>
        <line num="877" type="stmt" count="2"/>
        <line num="878" type="stmt" count="2"/>
        <line num="879" type="stmt" count="2"/>
        <line num="880" type="stmt" count="2"/>
        <line num="881" type="stmt" count="2"/>
        <line num="882" type="stmt" count="2"/>
        <line num="886" type="stmt" count="32"/>
        <line num="888" type="stmt" count="32"/>
        <line num="889" type="stmt" count="32"/>
        <line num="890" type="stmt" count="32"/>
        <line num="891" type="stmt" count="32"/>
        <line num="892" type="stmt" count="32"/>
        <line num="893" type="stmt" count="32"/>
        <line num="894" type="stmt" count="32"/>
        <line num="895" type="stmt" count="32"/>
        <line num="896" type="stmt" count="32"/>
        <line num="897" type="stmt" count="32"/>
        <line num="898" type="stmt" count="32"/>
        <line num="899" type="stmt" count="32"/>
        <line num="900" type="stmt" count="32"/>
        <line num="903" type="stmt" count="32"/>
        <line num="904" type="stmt" count="3"/>
        <line num="905" type="stmt" count="3"/>
        <line num="906" type="stmt" count="3"/>
        <line num="907" type="stmt" count="3"/>
        <line num="908" type="stmt" count="3"/>
        <line num="909" type="stmt" count="3"/>
        <line num="910" type="stmt" count="3"/>
        <line num="911" type="stmt" count="3"/>
        <line num="912" type="stmt" count="3"/>
        <line num="913" type="stmt" count="3"/>
        <line num="914" type="stmt" count="3"/>
        <line num="915" type="stmt" count="3"/>
        <line num="916" type="stmt" count="3"/>
        <line num="917" type="stmt" count="3"/>
        <line num="918" type="stmt" count="3"/>
        <line num="919" type="stmt" count="3"/>
        <line num="920" type="stmt" count="3"/>
        <line num="921" type="stmt" count="3"/>
        <line num="922" type="stmt" count="3"/>
        <line num="925" type="stmt" count="29"/>
        <line num="926" type="stmt" count="19"/>
        <line num="928" type="stmt" count="19"/>
        <line num="929" type="stmt" count="19"/>
        <line num="930" type="stmt" count="19"/>
        <line num="931" type="stmt" count="19"/>
        <line num="932" type="stmt" count="19"/>
        <line num="933" type="stmt" count="19"/>
        <line num="934" type="stmt" count="19"/>
        <line num="935" type="stmt" count="19"/>
        <line num="936" type="stmt" count="19"/>
        <line num="937" type="stmt" count="19"/>
        <line num="938" type="stmt" count="19"/>
        <line num="939" type="stmt" count="19"/>
        <line num="940" type="stmt" count="19"/>
        <line num="941" type="stmt" count="19"/>
        <line num="942" type="stmt" count="19"/>
        <line num="943" type="stmt" count="19"/>
        <line num="944" type="stmt" count="19"/>
        <line num="946" type="stmt" count="29"/>
        <line num="948" type="stmt" count="3"/>
        <line num="949" type="stmt" count="3"/>
        <line num="950" type="stmt" count="3"/>
        <line num="951" type="stmt" count="3"/>
        <line num="952" type="stmt" count="3"/>
        <line num="953" type="stmt" count="3"/>
        <line num="954" type="stmt" count="3"/>
        <line num="955" type="stmt" count="3"/>
        <line num="956" type="stmt" count="3"/>
        <line num="957" type="stmt" count="3"/>
        <line num="961" type="stmt" count="37"/>
        <line num="962" type="stmt" count="26"/>
        <line num="963" type="stmt" count="26"/>
        <line num="965" type="stmt" count="11"/>
        <line num="966" type="stmt" count="11"/>
        <line num="967" type="stmt" count="11"/>
        <line num="968" type="stmt" count="11"/>
        <line num="969" type="stmt" count="11"/>
        <line num="970" type="stmt" count="11"/>
        <line num="971" type="stmt" count="11"/>
        <line num="972" type="stmt" count="11"/>
        <line num="973" type="stmt" count="11"/>
        <line num="975" type="stmt" count="11"/>
        <line num="976" type="stmt" count="11"/>
        <line num="977" type="stmt" count="11"/>
        <line num="979" type="stmt" count="11"/>
        <line num="980" type="stmt" count="11"/>
        <line num="981" type="stmt" count="11"/>
        <line num="982" type="stmt" count="11"/>
        <line num="983" type="stmt" count="11"/>
        <line num="984" type="stmt" count="11"/>
        <line num="985" type="stmt" count="11"/>
        <line num="986" type="stmt" count="11"/>
        <line num="987" type="stmt" count="11"/>
        <line num="989" type="stmt" count="11"/>
        <line num="991" type="stmt" count="11"/>
        <line num="995" type="method" name="publishIntermediateState" visibility="private" complexity="2" crap="2" count="37"/>
        <line num="997" type="stmt" count="37"/>
        <line num="998" type="stmt" count="33"/>
        <line num="1001" type="stmt" count="4"/>
        <line num="1003" type="stmt" count="4"/>
        <line num="1004" type="stmt" count="4"/>
        <line num="1005" type="stmt" count="4"/>
        <line num="1006" type="stmt" count="4"/>
        <line num="1007" type="stmt" count="4"/>
        <line num="1008" type="stmt" count="4"/>
        <line num="1009" type="stmt" count="4"/>
        <line num="1010" type="stmt" count="4"/>
        <line num="1011" type="stmt" count="4"/>
        <line num="1012" type="stmt" count="4"/>
        <line num="1013" type="stmt" count="4"/>
        <line num="1014" type="stmt" count="4"/>
        <line num="1015" type="stmt" count="4"/>
        <line num="1016" type="stmt" count="4"/>
        <line num="1018" type="stmt" count="4"/>
        <line num="1021" type="method" name="safeExecute" visibility="private" complexity="4" crap="4" count="23"/>
        <line num="1028" type="stmt" count="23"/>
        <line num="1029" type="stmt" count="23"/>
        <line num="1030" type="stmt" count="23"/>
        <line num="1033" type="stmt" count="23"/>
        <line num="1034" type="stmt" count="23"/>
        <line num="1035" type="stmt" count="23"/>
        <line num="1036" type="stmt" count="23"/>
        <line num="1037" type="stmt" count="23"/>
        <line num="1038" type="stmt" count="23"/>
        <line num="1041" type="stmt" count="23"/>
        <line num="1043" type="stmt" count="20"/>
        <line num="1044" type="stmt" count="1"/>
        <line num="1045" type="stmt" count="1"/>
        <line num="1046" type="stmt" count="1"/>
        <line num="1047" type="stmt" count="1"/>
        <line num="1048" type="stmt" count="1"/>
        <line num="1049" type="stmt" count="1"/>
        <line num="1052" type="stmt" count="20"/>
        <line num="1053" type="stmt" count="3"/>
        <line num="1054" type="stmt" count="3"/>
        <line num="1055" type="stmt" count="3"/>
        <line num="1056" type="stmt" count="3"/>
        <line num="1057" type="stmt" count="3"/>
        <line num="1058" type="stmt" count="3"/>
        <line num="1059" type="stmt" count="3"/>
        <line num="1060" type="stmt" count="3"/>
        <line num="1062" type="stmt" count="3"/>
        <line num="1063" type="stmt" count="3"/>
        <line num="1064" type="stmt" count="3"/>
        <line num="1065" type="stmt" count="3"/>
        <line num="1066" type="stmt" count="3"/>
        <line num="1070" type="method" name="resolveRequiresApproval" visibility="private" complexity="5" crap="5.06" count="32"/>
        <line num="1072" type="stmt" count="32"/>
        <line num="1073" type="stmt" count="0"/>
        <line num="1076" type="stmt" count="32"/>
        <line num="1078" type="stmt" count="32"/>
        <line num="1079" type="stmt" count="32"/>
        <line num="1090" type="stmt" count="32"/>
        <line num="1091" type="stmt" count="32"/>
        <line num="1092" type="stmt" count="32"/>
        <line num="1093" type="stmt" count="32"/>
        <line num="1095" type="stmt" count="32"/>
        <line num="1096" type="stmt" count="1"/>
        <line num="1097" type="stmt" count="1"/>
        <line num="1098" type="stmt" count="1"/>
        <line num="1102" type="stmt" count="31"/>
        <line num="1105" type="stmt" count="0"/>
        <line num="1108" type="method" name="isOperationEnabled" visibility="private" complexity="3" crap="3" count="34"/>
        <line num="1110" type="stmt" count="34"/>
        <line num="1113" type="stmt" count="34"/>
        <line num="1114" type="stmt" count="34"/>
        <line num="1115" type="stmt" count="34"/>
        <line num="1116" type="stmt" count="34"/>
        <line num="1118" type="stmt" count="34"/>
        <line num="1119" type="stmt" count="3"/>
        <line num="1120" type="stmt" count="3"/>
        <line num="1121" type="stmt" count="2"/>
        <line num="1125" type="stmt" count="32"/>
        <line num="1128" type="method" name="buildMessages" visibility="private" complexity="1" crap="1" count="77"/>
        <line num="1130" type="stmt" count="77"/>
        <line num="1133" type="method" name="buildLlmConfigBlock" visibility="private" complexity="5" crap="5" count="42"/>
        <line num="1135" type="stmt" count="42"/>
        <line num="1136" type="stmt" count="40"/>
        <line num="1139" type="stmt" count="2"/>
        <line num="1140" type="stmt" count="2"/>
        <line num="1141" type="stmt" count="2"/>
        <line num="1142" type="stmt" count="1"/>
        <line num="1143" type="stmt" count="1"/>
        <line num="1144" type="stmt" count="2"/>
        <line num="1147" type="stmt" count="2"/>
        <line num="1150" type="method" name="buildToolDefinitions" visibility="private" complexity="6" crap="6.01" count="76"/>
        <line num="1152" type="stmt" count="76"/>
        <line num="1153" type="stmt" count="76"/>
        <line num="1155" type="stmt" count="76"/>
        <line num="1156" type="stmt" count="47"/>
        <line num="1158" type="stmt" count="47"/>
        <line num="1159" type="stmt" count="4"/>
        <line num="1162" type="stmt" count="44"/>
        <line num="1163" type="stmt" count="44"/>
        <line num="1164" type="stmt" count="0"/>
        <line num="1167" type="stmt" count="44"/>
        <line num="1168" type="stmt" count="42"/>
        <line num="1169" type="stmt" count="2"/>
        <line num="1171" type="stmt" count="44"/>
        <line num="1172" type="stmt" count="42"/>
        <line num="1176" type="stmt" count="76"/>
        <line num="1179" type="method" name="loadOperationOverrides" visibility="private" complexity="1" crap="1" count="76"/>
        <line num="1181" type="stmt" count="76"/>
        <line num="1182" type="stmt" count="76"/>
        <line num="1183" type="stmt" count="76"/>
        <line num="1184" type="stmt" count="76"/>
        <line num="1187" type="method" name="extractToolAttribute" visibility="private" complexity="2" crap="2.03" count="44"/>
        <line num="1189" type="stmt" count="44"/>
        <line num="1190" type="stmt" count="44"/>
        <line num="1192" type="stmt" count="44"/>
        <line num="1193" type="stmt" count="0"/>
        <line num="1196" type="stmt" count="44"/>
        <line num="1199" type="method" name="usesOperationsTrait" visibility="private" complexity="1" crap="1" count="44"/>
        <line num="1201" type="stmt" count="44"/>
        <line num="1204" type="method" name="buildOperationToolDefinition" visibility="private" complexity="2" crap="2" count="42"/>
        <line num="1212" type="stmt" count="42"/>
        <line num="1213" type="stmt" count="42"/>
        <line num="1214" type="stmt" count="2"/>
        <line num="1217" type="stmt" count="40"/>
        <line num="1218" type="stmt" count="40"/>
        <line num="1219" type="stmt" count="40"/>
        <line num="1220" type="stmt" count="40"/>
        <line num="1222" type="stmt" count="40"/>
        <line num="1223" type="stmt" count="40"/>
        <line num="1224" type="stmt" count="40"/>
        <line num="1225" type="stmt" count="40"/>
        <line num="1226" type="stmt" count="40"/>
        <line num="1227" type="stmt" count="40"/>
        <line num="1228" type="stmt" count="40"/>
        <line num="1229" type="stmt" count="40"/>
        <line num="1232" type="method" name="buildSimpleToolDefinition" visibility="private" complexity="3" crap="3" count="2"/>
        <line num="1239" type="stmt" count="2"/>
        <line num="1241" type="stmt" count="2"/>
        <line num="1242" type="stmt" count="2"/>
        <line num="1245" type="stmt" count="2"/>
        <line num="1246" type="stmt" count="2"/>
        <line num="1247" type="stmt" count="2"/>
        <line num="1248" type="stmt" count="2"/>
        <line num="1249" type="stmt" count="2"/>
        <line num="1250" type="stmt" count="2"/>
        <line num="1251" type="stmt" count="2"/>
        <line num="1252" type="stmt" count="2"/>
        <line num="1258" type="method" name="resolveAllowedOperations" visibility="private" complexity="6" crap="6.13" count="42"/>
        <line num="1260" type="stmt" count="42"/>
        <line num="1262" type="stmt" count="42"/>
        <line num="1263" type="stmt" count="42"/>
        <line num="1264" type="stmt" count="42"/>
        <line num="1266" type="stmt" count="42"/>
        <line num="1267" type="stmt" count="3"/>
        <line num="1268" type="stmt" count="2"/>
        <line num="1270" type="stmt" count="1"/>
        <line num="1271" type="stmt" count="0"/>
        <line num="1272" type="stmt" count="0"/>
        <line num="1276" type="stmt" count="40"/>
        <line num="1277" type="stmt" count="40"/>
        <line num="1281" type="stmt" count="42"/>
        <line num="1284" type="method" name="buildConfigBlockFor" visibility="private" complexity="2" crap="2" count="42"/>
        <line num="1286" type="stmt" count="42"/>
        <line num="1287" type="stmt" count="2"/>
        <line num="1288" type="stmt" count="40"/>
        <line num="1290" type="stmt" count="42"/>
        <line num="1293" type="method" name="callTraitMethod" visibility="private" complexity="1" crap="1" count="34"/>
        <line num="1296" type="stmt" count="34"/>
        <line num="1297" type="stmt" count="34"/>
        <line num="1300" type="method" name="resolveToolByName" visibility="private" complexity="5" crap="5.01" count="37"/>
        <line num="1303" type="stmt" count="37"/>
        <line num="1304" type="stmt" count="37"/>
        <line num="1305" type="stmt" count="1"/>
        <line num="1308" type="stmt" count="37"/>
        <line num="1309" type="stmt" count="37"/>
        <line num="1310" type="stmt" count="37"/>
        <line num="1312" type="stmt" count="37"/>
        <line num="1313" type="stmt" count="0"/>
        <line num="1317" type="stmt" count="37"/>
        <line num="1319" type="stmt" count="37"/>
        <line num="1320" type="stmt" count="36"/>
        <line num="1324" type="stmt" count="1"/>
        <line num="1327" type="method" name="qualifiedToolName" visibility="private" complexity="4" crap="4" count="42"/>
        <line num="1329" type="stmt" count="42"/>
        <line num="1330" type="stmt" count="1"/>
        <line num="1331" type="stmt" count="1"/>
        <line num="1332" type="stmt" count="1"/>
        <line num="1337" type="stmt" count="41"/>
        <line num="1340" type="method" name="appendHistory" visibility="private" complexity="2" crap="2.00" count="69"/>
        <line num="1346" type="stmt" count="69"/>
        <line num="1348" type="stmt" count="69"/>
        <line num="1349" type="stmt" count="69"/>
        <line num="1350" type="stmt" count="69"/>
        <line num="1351" type="stmt" count="69"/>
        <line num="1352" type="stmt" count="69"/>
        <line num="1353" type="stmt" count="69"/>
        <line num="1354" type="stmt" count="69"/>
        <line num="1355" type="stmt" count="69"/>
        <line num="1356" type="stmt" count="69"/>
        <line num="1357" type="stmt" count="69"/>
        <line num="1360" type="stmt" count="69"/>
        <line num="1361" type="stmt" count="0"/>
        <line num="1364" type="stmt" count="69"/>
        <line num="1365" type="stmt" count="69"/>
        <line num="1366" type="stmt" count="69"/>
        <line num="1367" type="stmt" count="69"/>
        <line num="1368" type="stmt" count="69"/>
        <line num="1371" type="method" name="classifyError" visibility="private" complexity="6" crap="6.03" count="8"/>
        <line num="1373" type="stmt" count="8"/>
        <line num="1374" type="stmt" count="4"/>
        <line num="1377" type="stmt" count="4"/>
        <line num="1378" type="stmt" count="1"/>
        <line num="1381" type="stmt" count="3"/>
        <line num="1382" type="stmt" count="1"/>
        <line num="1383" type="stmt" count="1"/>
        <line num="1384" type="stmt" count="1"/>
        <line num="1388" type="stmt" count="2"/>
        <line num="1389" type="stmt" count="0"/>
        <line num="1392" type="stmt" count="2"/>
        <line num="1395" type="method" name="classifyRetryableError" visibility="private" complexity="4" crap="6.00" count="1"/>
        <line num="1397" type="stmt" count="1"/>
        <line num="1398" type="stmt" count="1"/>
        <line num="1399" type="stmt" count="1"/>
        <line num="1401" type="stmt" count="0"/>
        <line num="1402" type="stmt" count="0"/>
        <line num="1404" type="stmt" count="0"/>
        <line num="1407" type="method" name="classifyProviderError" visibility="private" complexity="5" crap="11.10" count="1"/>
        <line num="1409" type="stmt" count="1"/>
        <line num="1410" type="stmt" count="1"/>
        <line num="1411" type="stmt" count="1"/>
        <line num="1413" type="stmt" count="0"/>
        <line num="1414" type="stmt" count="0"/>
        <line num="1416" type="stmt" count="0"/>
        <line num="1417" type="stmt" count="0"/>
        <line num="1419" type="stmt" count="0"/>
        <line num="1422" type="method" name="friendlyMessages" visibility="private" complexity="1" crap="1" count="8"/>
        <line num="1424" type="stmt" count="8"/>
        <line num="1425" type="stmt" count="8"/>
        <line num="1426" type="stmt" count="8"/>
        <line num="1427" type="stmt" count="8"/>
        <line num="1428" type="stmt" count="8"/>
        <line num="1429" type="stmt" count="8"/>
        <line num="1430" type="stmt" count="8"/>
        <line num="1431" type="stmt" count="8"/>
        <line num="1432" type="stmt" count="8"/>
        <line num="1433" type="stmt" count="8"/>
        <line num="1434" type="stmt" count="8"/>
        <line num="1435" type="stmt" count="8"/>
        <line num="1438" type="method" name="resolveLlmConfig" visibility="private" complexity="5" crap="5" count="76"/>
        <line num="1440" type="stmt" count="76"/>
        <line num="1441" type="stmt" count="76"/>
        <line num="1442" type="stmt" count="76"/>
        <line num="1443" type="stmt" count="76"/>
        <line num="1444" type="stmt" count="76"/>
        <line num="1446" type="stmt" count="76"/>
        <line num="1448" type="stmt" count="76"/>
        <line num="1449" type="stmt" count="72"/>
        <line num="1450" type="stmt" count="72"/>
        <line num="1451" type="stmt" count="72"/>
        <line num="1452" type="stmt" count="72"/>
        <line num="1453" type="stmt" count="72"/>
        <line num="1454" type="stmt" count="72"/>
        <line num="1455" type="stmt" count="72"/>
        <line num="1460" type="stmt" count="4"/>
        <line num="1461" type="stmt" count="4"/>
        <line num="1462" type="stmt" count="1"/>
        <line num="1463" type="stmt" count="1"/>
        <line num="1464" type="stmt" count="1"/>
        <line num="1465" type="stmt" count="1"/>
        <line num="1466" type="stmt" count="1"/>
        <line num="1469" type="stmt" count="3"/>
        <line num="1470" type="stmt" count="3"/>
        <line num="1471" type="stmt" count="3"/>
        <line num="1473" type="stmt" count="3"/>
        <line num="1474" type="stmt" count="1"/>
        <line num="1475" type="stmt" count="1"/>
        <line num="1476" type="stmt" count="1"/>
        <line num="1477" type="stmt" count="1"/>
        <line num="1478" type="stmt" count="1"/>
        <line num="1481" type="stmt" count="2"/>
        <line num="1484" type="method" name="getTemperatureFromSettings" visibility="private" complexity="4" crap="4.07" count="74"/>
        <line num="1487" type="stmt" count="74"/>
        <line num="1488" type="stmt" count="1"/>
        <line num="1489" type="stmt" count="0"/>
        <line num="1490" type="stmt" count="1"/>
        <line num="1491" type="stmt" count="73"/>
        <line num="1492" type="stmt" count="73"/>
        <line num="1496" type="method" name="scheduleAutoRetry" visibility="private" complexity="7" crap="7.62" count="8"/>
        <line num="1498" type="stmt" count="8"/>
        <line num="1499" type="stmt" count="2"/>
        <line num="1503" type="stmt" count="6"/>
        <line num="1504" type="stmt" count="6"/>
        <line num="1505" type="stmt" count="0"/>
        <line num="1507" type="stmt" count="6"/>
        <line num="1508" type="stmt" count="6"/>
        <line num="1509" type="stmt" count="6"/>
        <line num="1510" type="stmt" count="4"/>
        <line num="1513" type="stmt" count="2"/>
        <line num="1514" type="stmt" count="2"/>
        <line num="1516" type="stmt" count="2"/>
        <line num="1517" type="stmt" count="1"/>
        <line num="1521" type="stmt" count="1"/>
        <line num="1522" type="stmt" count="1"/>
        <line num="1523" type="stmt" count="1"/>
        <line num="1524" type="stmt" count="1"/>
        <line num="1525" type="stmt" count="1"/>
        <line num="1526" type="stmt" count="1"/>
        <line num="1527" type="stmt" count="1"/>
        <line num="1529" type="stmt" count="1"/>
        <line num="1530" type="stmt" count="1"/>
        <line num="1531" type="stmt" count="1"/>
        <line num="1533" type="stmt" count="1"/>
        <line num="1534" type="stmt" count="0"/>
        <line num="1535" type="stmt" count="0"/>
        <line num="1536" type="stmt" count="0"/>
        <line num="1537" type="stmt" count="0"/>
        <line num="1538" type="stmt" count="0"/>
        <line num="1539" type="stmt" count="0"/>
        <metrics loc="1543" ncloc="1466" classes="1" methods="56" coveredmethods="36" conditionals="0" coveredconditionals="0" statements="847" coveredstatements="779" elements="903" coveredelements="815"/>
      </file>
      <file name="/Users/fabeat/Development/Spora/.claude/worktrees/agent-af2ea2eda9372840a/app/Agents/SchemaValidator.php">
        <class name="Spora\Agents\SchemaValidator" namespace="Spora\Agents">
          <metrics complexity="17" methods="1" coveredmethods="0" conditionals="0" coveredconditionals="0" statements="29" coveredstatements="23" elements="30" coveredelements="23"/>
        </class>
        <line num="27" type="method" name="validate" visibility="public" complexity="17" crap="19.56" count="38"/>
        <line num="29" type="stmt" count="38"/>
        <line num="30" type="stmt" count="38"/>
        <line num="32" type="stmt" count="38"/>
        <line num="33" type="stmt" count="9"/>
        <line num="34" type="stmt" count="5"/>
        <line num="35" type="stmt" count="5"/>
        <line num="36" type="stmt" count="5"/>
        <line num="40" type="stmt" count="34"/>
        <line num="41" type="stmt" count="6"/>
        <line num="42" type="stmt" count="1"/>
        <line num="45" type="stmt" count="6"/>
        <line num="47" type="stmt" count="6"/>
        <line num="48" type="stmt" count="0"/>
        <line num="51" type="stmt" count="6"/>
        <line num="52" type="stmt" count="6"/>
        <line num="53" type="stmt" count="4"/>
        <line num="54" type="stmt" count="1"/>
        <line num="55" type="stmt" count="0"/>
        <line num="56" type="stmt" count="1"/>
        <line num="57" type="stmt" count="0"/>
        <line num="58" type="stmt" count="0"/>
        <line num="59" type="stmt" count="0"/>
        <line num="60" type="stmt" count="0"/>
        <line num="61" type="stmt" count="6"/>
        <line num="63" type="stmt" count="6"/>
        <line num="64" type="stmt" count="1"/>
        <line num="65" type="stmt" count="1"/>
        <line num="66" type="stmt" count="1"/>
        <line num="67" type="stmt" count="1"/>
        <metrics loc="72" ncloc="55" classes="1" methods="1" coveredmethods="0" conditionals="0" coveredconditionals="0" statements="29" coveredstatements="23" elements="30" coveredelements="23"/>
      </file>
    </package>
    <file name="/Users/fabeat/Development/Spora/.claude/worktrees/agent-af2ea2eda9372840a/app/Agents/OrchestratorInterface.php">
      <metrics loc="59" ncloc="21" classes="0" methods="0" coveredmethods="0" conditionals="0" coveredconditionals="0" statements="0" coveredstatements="0" elements="0" coveredelements="0"/>
    </file>
    <package name="Spora\Agents\ValueObjects">
      <file name="/Users/fabeat/Development/Spora/.claude/worktrees/agent-af2ea2eda9372840a/app/Agents/ValueObjects/AgentState.php">
        <class name="Spora\Agents\ValueObjects\AgentState" namespace="Spora\Agents\ValueObjects">
          <metrics complexity="4" methods="3" coveredmethods="2" conditionals="0" coveredconditionals="0" statements="40" coveredstatements="39" elements="43" coveredelements="41"/>
        </class>
        <line num="15" type="method" name="__construct" visibility="public" complexity="1" crap="1" count="17"/>
        <line num="38" type="stmt" count="17"/>
        <line num="40" type="method" name="fromJson" visibility="public" complexity="2" crap="2" count="12"/>
        <line num="42" type="stmt" count="12"/>
        <line num="44" type="stmt" count="12"/>
        <line num="45" type="stmt" count="12"/>
        <line num="46" type="stmt" count="12"/>
        <line num="48" type="stmt" count="12"/>
        <line num="49" type="stmt" count="0"/>
        <line num="52" type="stmt" count="12"/>
        <line num="53" type="stmt" count="12"/>
        <line num="54" type="stmt" count="12"/>
        <line num="55" type="stmt" count="12"/>
        <line num="56" type="stmt" count="12"/>
        <line num="57" type="stmt" count="12"/>
        <line num="58" type="stmt" count="12"/>
        <line num="59" type="stmt" count="12"/>
        <line num="61" type="stmt" count="12"/>
        <line num="62" type="stmt" count="12"/>
        <line num="63" type="stmt" count="12"/>
        <line num="64" type="stmt" count="12"/>
        <line num="65" type="stmt" count="12"/>
        <line num="66" type="stmt" count="12"/>
        <line num="67" type="stmt" count="12"/>
        <line num="68" type="stmt" count="12"/>
        <line num="69" type="stmt" count="12"/>
        <line num="72" type="method" name="toJson" visibility="public" complexity="1" crap="1" count="16"/>
        <line num="74" type="stmt" count="16"/>
        <line num="75" type="stmt" count="16"/>
        <line num="76" type="stmt" count="16"/>
        <line num="77" type="stmt" count="16"/>
        <line num="78" type="stmt" count="16"/>
        <line num="79" type="stmt" count="16"/>
        <line num="80" type="stmt" count="16"/>
        <line num="81" type="stmt" count="16"/>
        <line num="82" type="stmt" count="16"/>
        <line num="83" type="stmt" count="16"/>
        <line num="84" type="stmt" count="16"/>
        <line num="85" type="stmt" count="16"/>
        <line num="86" type="stmt" count="16"/>
        <line num="87" type="stmt" count="16"/>
        <line num="88" type="stmt" count="16"/>
        <line num="89" type="stmt" count="16"/>
        <metrics loc="92" ncloc="75" classes="1" methods="3" coveredmethods="2" conditionals="0" coveredconditionals="0" statements="40" coveredstatements="39" elements="43" coveredelements="41"/>
      </file>
      <file name="/Users/fabeat/Development/Spora/.claude/worktrees/agent-af2ea2eda9372840a/app/Agents/ValueObjects/HistoryMessageContext.php">
        <class name="Spora\Agents\ValueObjects\HistoryMessageContext" namespace="Spora\Agents\ValueObjects">
          <metrics complexity="1" methods="1" coveredmethods="1" conditionals="0" coveredconditionals="0" statements="1" coveredstatements="1" elements="2" coveredelements="2"/>
        </class>
        <line num="14" type="method" name="__construct" visibility="public" complexity="1" crap="1" count="69"/>
        <line num="21" type="stmt" count="69"/>
        <metrics loc="23" ncloc="18" classes="1" methods="1" coveredmethods="1" conditionals="0" coveredconditionals="0" statements="1" coveredstatements="1" elements="2" coveredelements="2"/>
      </file>
      <file name="/Users/fabeat/Development/Spora/.claude/worktrees/agent-af2ea2eda9372840a/app/Agents/ValueObjects/WorkerMode.php">
        <class name="Spora\Agents\ValueObjects\WorkerMode" namespace="Spora\Agents\ValueObjects">
          <metrics complexity="0" methods="0" coveredmethods="0" conditionals="0" coveredconditionals="0" statements="0" coveredstatements="0" elements="0" coveredelements="0"/>
        </class>
        <metrics loc="15" ncloc="13" classes="0" methods="0" coveredmethods="0" conditionals="0" coveredconditionals="0" statements="0" coveredstatements="0" elements="0" coveredelements="0"/>
      </file>
    </package>
    <file name="/Users/fabeat/Development/Spora/.claude/worktrees/agent-af2ea2eda9372840a/app/Apps/AppInterface.php">
      <metrics loc="23" ncloc="17" classes="0" methods="0" coveredmethods="0" conditionals="0" coveredconditionals="0" statements="0" coveredstatements="0" elements="0" coveredelements="0"/>
    </file>
    <package name="Spora\Apps">
      <file name="/Users/fabeat/Development/Spora/.claude/worktrees/agent-af2ea2eda9372840a/app/Apps/AppRegistry.php">
        <class name="Spora\Apps\AppRegistry" namespace="Spora\Apps">
          <metrics complexity="5" methods="3" coveredmethods="2" conditionals="0" coveredconditionals="0" statements="9" coveredstatements="6" elements="12" coveredelements="8"/>
        </class>
        <line num="12" type="method" name="register" visibility="public" complexity="1" crap="1" count="1"/>
        <line num="14" type="stmt" count="1"/>
        <line num="15" type="stmt" count="1"/>
        <line num="19" type="method" name="all" visibility="public" complexity="2" crap="2" count="2"/>
        <line num="21" type="stmt" count="2"/>
        <line num="22" type="stmt" count="2"/>
        <line num="23" type="stmt" count="1"/>
        <line num="25" type="stmt" count="2"/>
        <line num="28" type="method" name="get" visibility="public" complexity="2" crap="6" count="0"/>
        <line num="30" type="stmt" count="0"/>
        <line num="31" type="stmt" count="0"/>
        <line num="33" type="stmt" count="0"/>
        <metrics loc="36" ncloc="34" classes="1" methods="3" coveredmethods="2" conditionals="0" coveredconditionals="0" statements="9" coveredstatements="6" elements="12" coveredelements="8"/>
      </file>
      <file name="/Users/fabeat/Development/Spora/.claude/worktrees/agent-af2ea2eda9372840a/app/Apps/MemoriesApp.php">
        <class name="Spora\Apps\MemoriesApp" namespace="Spora\Apps">
          <metrics complexity="4" methods="4" coveredmethods="0" conditionals="0" coveredconditionals="0" statements="4" coveredstatements="0" elements="8" coveredelements="0"/>
        </class>
        <line num="9" type="method" name="name" visibility="public" complexity="1" crap="2" count="0"/>
        <line num="11" type="stmt" count="0"/>
        <line num="14" type="method" name="displayName" visibility="public" complexity="1" crap="2" count="0"/>
        <line num="16" type="stmt" count="0"/>
        <line num="19" type="method" name="description" visibility="public" complexity="1" crap="2" count="0"/>
        <line num="21" type="stmt" count="0"/>
        <line num="24" type="method" name="icon" visibility="public" complexity="1" crap="2" count="0"/>
        <line num="26" type="stmt" count="0"/>
        <metrics loc="29" ncloc="29" classes="1" methods="4" coveredmethods="0" conditionals="0" coveredconditionals="0" statements="4" coveredstatements="0" elements="8" coveredelements="0"/>
      </file>
    </package>
    <package name="Spora\Auth">
      <file name="/Users/fabeat/Development/Spora/.claude/worktrees/agent-af2ea2eda9372840a/app/Auth/AuthEmailFlow.php">
        <class name="Spora\Auth\AuthEmailFlow" namespace="Spora\Auth">
          <metrics complexity="21" methods="10" coveredmethods="9" conditionals="0" coveredconditionals="0" statements="37" coveredstatements="34" elements="47" coveredelements="43"/>
        </class>
        <line num="29" type="method" name="__construct" visibility="public" complexity="1" crap="1" count="1038"/>
        <line num="31" type="method" name="setSystemMailer" visibility="public" complexity="1" crap="1" count="29"/>
        <line num="33" type="stmt" count="29"/>
        <line num="36" type="method" name="setAppUrl" visibility="public" complexity="1" crap="1" count="22"/>
        <line num="38" type="stmt" count="22"/>
        <line num="48" type="method" name="buildVerificationCallback" visibility="public" complexity="2" crap="2" count="906"/>
        <line num="50" type="stmt" count="906"/>
        <line num="51" type="stmt" count="3"/>
        <line num="52" type="stmt" count="906"/>
        <line num="61" type="method" name="confirmEmail" visibility="public" complexity="6" crap="7.33" count="9"/>
        <line num="63" type="stmt" count="9"/>
        <line num="64" type="stmt" count="2"/>
        <line num="65" type="stmt" count="2"/>
        <line num="67" type="stmt" count="2"/>
        <line num="69" type="stmt" count="2"/>
        <line num="70" type="stmt" count="0"/>
        <line num="71" type="stmt" count="0"/>
        <line num="72" type="stmt" count="0"/>
        <line num="76" type="stmt" count="2"/>
        <line num="88" type="method" name="changeEmail" visibility="public" complexity="2" crap="2" count="8"/>
        <line num="90" type="stmt" count="8"/>
        <line num="95" type="stmt" count="5"/>
        <line num="97" type="stmt" count="5"/>
        <line num="98" type="stmt" count="1"/>
        <line num="101" type="stmt" count="3"/>
        <line num="107" type="method" name="forgotPassword" visibility="public" complexity="2" crap="2" count="4"/>
        <line num="109" type="stmt" count="4"/>
        <line num="110" type="stmt" count="3"/>
        <line num="111" type="stmt" count="2"/>
        <line num="112" type="stmt" count="2"/>
        <line num="113" type="stmt" count="2"/>
        <line num="115" type="stmt" count="4"/>
        <line num="121" type="method" name="resetPassword" visibility="public" complexity="1" crap="1" count="6"/>
        <line num="123" type="stmt" count="6"/>
        <line num="130" type="method" name="resendVerificationEmail" visibility="public" complexity="3" crap="3" count="5"/>
        <line num="132" type="stmt" count="5"/>
        <line num="133" type="stmt" count="3"/>
        <line num="137" type="stmt" count="2"/>
        <line num="138" type="stmt" count="1"/>
        <line num="146" type="method" name="sendVerificationEmailViaCallback" visibility="private" complexity="2" crap="2" count="7"/>
        <line num="148" type="stmt" count="7"/>
        <line num="149" type="stmt" count="5"/>
        <line num="150" type="stmt" count="5"/>
        <line num="151" type="stmt" count="5"/>
        <line num="152" type="stmt" count="5"/>
        <line num="154" type="stmt" count="7"/>
        <metrics loc="157" ncloc="106" classes="1" methods="10" coveredmethods="9" conditionals="0" coveredconditionals="0" statements="37" coveredstatements="34" elements="47" coveredelements="43"/>
      </file>
      <file name="/Users/fabeat/Development/Spora/.claude/worktrees/agent-af2ea2eda9372840a/app/Auth/AuthRoleAdmin.php">
        <class name="Spora\Auth\AuthRoleAdmin" namespace="Spora\Auth">
          <metrics complexity="5" methods="5" coveredmethods="4" conditionals="0" coveredconditionals="0" statements="5" coveredstatements="4" elements="10" coveredelements="8"/>
        </class>
        <line num="19" type="method" name="__construct" visibility="public" complexity="1" crap="1" count="1036"/>
        <line num="24" type="method" name="grantRole" visibility="public" complexity="1" crap="1" count="41"/>
        <line num="26" type="stmt" count="41"/>
        <line num="32" type="method" name="revokeRole" visibility="public" complexity="1" crap="1" count="6"/>
        <line num="34" type="stmt" count="6"/>
        <line num="40" type="method" name="userHasRole" visibility="public" complexity="1" crap="1" count="7"/>
        <line num="42" type="stmt" count="7"/>
        <line num="48" type="method" name="deleteUser" visibility="public" complexity="1" crap="2" count="0"/>
        <line num="50" type="stmt" count="0"/>
        <metrics loc="53" ncloc="33" classes="1" methods="5" coveredmethods="4" conditionals="0" coveredconditionals="0" statements="5" coveredstatements="4" elements="10" coveredelements="8"/>
      </file>
      <file name="/Users/fabeat/Development/Spora/.claude/worktrees/agent-af2ea2eda9372840a/app/Auth/AuthService.php">
        <class name="Spora\Auth\AuthService" namespace="Spora\Auth">
          <metrics complexity="31" methods="20" coveredmethods="18" conditionals="0" coveredconditionals="0" statements="46" coveredstatements="44" elements="66" coveredelements="62"/>
        </class>
        <line num="37" type="method" name="__construct" visibility="public" complexity="1" crap="1" count="1034"/>
        <line num="39" type="stmt" count="1034"/>
        <line num="40" type="stmt" count="1034"/>
        <line num="43" type="method" name="setSystemMailer" visibility="public" complexity="1" crap="1" count="27"/>
        <line num="45" type="stmt" count="27"/>
        <line num="48" type="method" name="setAppUrl" visibility="public" complexity="1" crap="1" count="19"/>
        <line num="50" type="stmt" count="19"/>
        <line num="59" type="method" name="register" visibility="public" complexity="5" crap="5" count="903"/>
        <line num="62" type="stmt" count="903"/>
        <line num="64" type="stmt" count="903"/>
        <line num="66" type="stmt" count="900"/>
        <line num="67" type="stmt" count="900"/>
        <line num="68" type="stmt" count="900"/>
        <line num="69" type="stmt" count="900"/>
        <line num="72" type="stmt" count="900"/>
        <line num="73" type="stmt" count="8"/>
        <line num="74" type="stmt" count="5"/>
        <line num="75" type="stmt" count="3"/>
        <line num="76" type="stmt" count="2"/>
        <line num="77" type="stmt" count="1"/>
        <line num="78" type="stmt" count="1"/>
        <line num="91" type="method" name="login" visibility="public" complexity="4" crap="4" count="34"/>
        <line num="93" type="stmt" count="34"/>
        <line num="96" type="stmt" count="34"/>
        <line num="97" type="stmt" count="11"/>
        <line num="98" type="stmt" count="9"/>
        <line num="99" type="stmt" count="2"/>
        <line num="100" type="stmt" count="2"/>
        <line num="107" type="method" name="logout" visibility="public" complexity="1" crap="1" count="4"/>
        <line num="109" type="stmt" count="4"/>
        <line num="115" type="method" name="currentUserId" visibility="public" complexity="2" crap="2" count="412"/>
        <line num="117" type="stmt" count="412"/>
        <line num="118" type="stmt" count="27"/>
        <line num="121" type="stmt" count="385"/>
        <line num="127" type="method" name="isLoggedIn" visibility="public" complexity="1" crap="1" count="166"/>
        <line num="129" type="stmt" count="166"/>
        <line num="135" type="method" name="currentUserEmail" visibility="public" complexity="2" crap="2" count="5"/>
        <line num="137" type="stmt" count="5"/>
        <line num="138" type="stmt" count="2"/>
        <line num="141" type="stmt" count="3"/>
        <line num="144" type="method" name="isAdmin" visibility="public" complexity="3" crap="3.07" count="27"/>
        <line num="146" type="stmt" count="27"/>
        <line num="147" type="stmt" count="27"/>
        <line num="148" type="stmt" count="0"/>
        <line num="151" type="stmt" count="27"/>
        <line num="152" type="stmt" count="27"/>
        <line num="162" type="method" name="changePassword" visibility="public" complexity="1" crap="1" count="3"/>
        <line num="164" type="stmt" count="3"/>
        <line num="175" type="method" name="changeEmail" visibility="public" complexity="1" crap="1" count="8"/>
        <line num="177" type="stmt" count="8"/>
        <line num="186" type="method" name="confirmEmail" visibility="public" complexity="1" crap="1" count="9"/>
        <line num="188" type="stmt" count="9"/>
        <line num="194" type="method" name="forgotPassword" visibility="public" complexity="1" crap="1" count="4"/>
        <line num="196" type="stmt" count="4"/>
        <line num="202" type="method" name="resetPassword" visibility="public" complexity="1" crap="1" count="6"/>
        <line num="204" type="stmt" count="6"/>
        <line num="211" type="method" name="resendVerificationEmail" visibility="public" complexity="1" crap="1" count="5"/>
        <line num="213" type="stmt" count="5"/>
        <line num="219" type="method" name="grantRole" visibility="public" complexity="1" crap="1" count="40"/>
        <line num="221" type="stmt" count="40"/>
        <line num="227" type="method" name="revokeRole" visibility="public" complexity="1" crap="1" count="5"/>
        <line num="229" type="stmt" count="5"/>
        <line num="235" type="method" name="userHasRole" visibility="public" complexity="1" crap="1" count="5"/>
        <line num="237" type="stmt" count="5"/>
        <line num="243" type="method" name="deleteUser" visibility="public" complexity="1" crap="2" count="0"/>
        <line num="245" type="stmt" count="0"/>
        <metrics loc="248" ncloc="165" classes="1" methods="20" coveredmethods="18" conditionals="0" coveredconditionals="0" statements="46" coveredstatements="44" elements="66" coveredelements="62"/>
      </file>
    </package>
    <package name="Spora\Auth\Exceptions">
      <file name="/Users/fabeat/Development/Spora/.claude/worktrees/agent-af2ea2eda9372840a/app/Auth/Exceptions/AccountSuspendedException.php">
        <class name="Spora\Auth\Exceptions\AccountSuspendedException" namespace="Spora\Auth\Exceptions">
          <metrics complexity="0" methods="0" coveredmethods="0" conditionals="0" coveredconditionals="0" statements="0" coveredstatements="0" elements="0" coveredelements="0"/>
        </class>
        <metrics loc="10" ncloc="10" classes="0" methods="0" coveredmethods="0" conditionals="0" coveredconditionals="0" statements="0" coveredstatements="0" elements="0" coveredelements="0"/>
      </file>
      <file name="/Users/fabeat/Development/Spora/.claude/worktrees/agent-af2ea2eda9372840a/app/Auth/Exceptions/AccountUnverifiedException.php">
        <class name="Spora\Auth\Exceptions\AccountUnverifiedException" namespace="Spora\Auth\Exceptions">
          <metrics complexity="0" methods="0" coveredmethods="0" conditionals="0" coveredconditionals="0" statements="0" coveredstatements="0" elements="0" coveredelements="0"/>
        </class>
        <metrics loc="10" ncloc="10" classes="0" methods="0" coveredmethods="0" conditionals="0" coveredconditionals="0" statements="0" coveredstatements="0" elements="0" coveredelements="0"/>
      </file>
      <file name="/Users/fabeat/Development/Spora/.claude/worktrees/agent-af2ea2eda9372840a/app/Auth/Exceptions/EmailTakenException.php">
        <class name="Spora\Auth\Exceptions\EmailTakenException" namespace="Spora\Auth\Exceptions">
          <metrics complexity="0" methods="0" coveredmethods="0" conditionals="0" coveredconditionals="0" statements="0" coveredstatements="0" elements="0" coveredelements="0"/>
        </class>
        <metrics loc="10" ncloc="10" classes="0" methods="0" coveredmethods="0" conditionals="0" coveredconditionals="0" statements="0" coveredstatements="0" elements="0" coveredelements="0"/>
      </file>
      <file name="/Users/fabeat/Development/Spora/.claude/worktrees/agent-af2ea2eda9372840a/app/Auth/Exceptions/InvalidCredentialsException.php">
        <class name="Spora\Auth\Exceptions\InvalidCredentialsException" namespace="Spora\Auth\Exceptions">
          <metrics complexity="0" methods="0" coveredmethods="0" conditionals="0" coveredconditionals="0" statements="0" coveredstatements="0" elements="0" coveredelements="0"/>
        </class>
        <metrics loc="10" ncloc="10" classes="0" methods="0" coveredmethods="0" conditionals="0" coveredconditionals="0" statements="0" coveredstatements="0" elements="0" coveredelements="0"/>
      </file>
    </package>
    <package name="Spora\Console\Commands">
      <file name="/Users/fabeat/Development/Spora/.claude/worktrees/agent-af2ea2eda9372840a/app/Console/Commands/DbResetCommand.php">
        <class name="Spora\Console\Commands\DbResetCommand" namespace="Spora\Console\Commands">
          <metrics complexity="28" methods="6" coveredmethods="3" conditionals="0" coveredconditionals="0" statements="80" coveredstatements="71" elements="86" coveredelements="74"/>
        </class>
        <line num="41" type="method" name="__construct" visibility="public" complexity="1" crap="1" count="36"/>
        <line num="45" type="stmt" count="36"/>
        <line num="48" type="method" name="configure" visibility="protected" complexity="1" crap="1" count="36"/>
        <line num="50" type="stmt" count="36"/>
        <line num="51" type="stmt" count="36"/>
        <line num="52" type="stmt" count="36"/>
        <line num="67" type="stmt" count="36"/>
        <line num="70" type="method" name="execute" visibility="protected" complexity="6" crap="6" count="35"/>
        <line num="72" type="stmt" count="35"/>
        <line num="73" type="stmt" count="35"/>
        <line num="74" type="stmt" count="35"/>
        <line num="75" type="stmt" count="35"/>
        <line num="76" type="stmt" count="35"/>
        <line num="79" type="stmt" count="35"/>
        <line num="80" type="stmt" count="25"/>
        <line num="82" type="stmt" count="34"/>
        <line num="84" type="stmt" count="1"/>
        <line num="85" type="stmt" count="1"/>
        <line num="86" type="stmt" count="1"/>
        <line num="89" type="stmt" count="34"/>
        <line num="90" type="stmt" count="14"/>
        <line num="93" type="stmt" count="20"/>
        <line num="94" type="stmt" count="1"/>
        <line num="95" type="stmt" count="1"/>
        <line num="98" type="stmt" count="20"/>
        <line num="100" type="stmt" count="20"/>
        <line num="109" type="method" name="resetSqlite" visibility="private" complexity="10" crap="10.01" count="10"/>
        <line num="113" type="stmt" count="10"/>
        <line num="114" type="stmt" count="10"/>
        <line num="115" type="stmt" count="10"/>
        <line num="116" type="stmt" count="0"/>
        <line num="118" type="stmt" count="10"/>
        <line num="119" type="stmt" count="1"/>
        <line num="120" type="stmt" count="1"/>
        <line num="121" type="stmt" count="1"/>
        <line num="122" type="stmt" count="1"/>
        <line num="123" type="stmt" count="1"/>
        <line num="127" type="stmt" count="9"/>
        <line num="128" type="stmt" count="7"/>
        <line num="129" type="stmt" count="7"/>
        <line num="132" type="stmt" count="9"/>
        <line num="133" type="stmt" count="9"/>
        <line num="134" type="stmt" count="2"/>
        <line num="136" type="stmt" count="9"/>
        <line num="137" type="stmt" count="9"/>
        <line num="139" type="stmt" count="9"/>
        <line num="145" type="method" name="resetMysql" visibility="private" complexity="8" crap="8" count="25"/>
        <line num="147" type="stmt" count="25"/>
        <line num="148" type="stmt" count="25"/>
        <line num="149" type="stmt" count="25"/>
        <line num="150" type="stmt" count="25"/>
        <line num="151" type="stmt" count="25"/>
        <line num="157" type="stmt" count="25"/>
        <line num="158" type="stmt" count="25"/>
        <line num="159" type="stmt" count="11"/>
        <line num="160" type="stmt" count="11"/>
        <line num="165" type="stmt" count="14"/>
        <line num="166" type="stmt" count="14"/>
        <line num="167" type="stmt" count="14"/>
[...]
        <line num="87" type="stmt" count="1"/>
        <line num="88" type="stmt" count="1"/>
        <metrics loc="91" ncloc="87" classes="1" methods="9" coveredmethods="9" conditionals="0" coveredconditionals="0" statements="38" coveredstatements="38" elements="47" coveredelements="47"/>
      </file>
      <file name="/Users/fabeat/Development/Spora/.claude/worktrees/agent-af2ea2eda9372840a/app/Tools/Email/EmailMessageFormatter.php">
        <class name="Spora\Tools\Email\EmailMessageFormatter" namespace="Spora\Tools\Email">
          <metrics complexity="4" methods="3" coveredmethods="3" conditionals="0" coveredconditionals="0" statements="12" coveredstatements="12" elements="15" coveredelements="15"/>
        </class>
        <line num="20" type="method" name="__construct" visibility="public" complexity="1" crap="1" count="56"/>
        <line num="22" type="method" name="formatImapError" visibility="public" complexity="1" crap="1" count="3"/>
        <line num="24" type="stmt" count="3"/>
        <line num="25" type="stmt" count="3"/>
        <line num="31" type="method" name="formatMessageList" visibility="public" complexity="2" crap="2" count="4"/>
        <line num="33" type="stmt" count="4"/>
        <line num="34" type="stmt" count="4"/>
        <line num="35" type="stmt" count="4"/>
        <line num="36" type="stmt" count="4"/>
        <line num="37" type="stmt" count="4"/>
        <line num="38" type="stmt" count="4"/>
        <line num="39" type="stmt" count="4"/>
        <line num="40" type="stmt" count="4"/>
        <line num="42" type="stmt" count="4"/>
        <metrics loc="45" ncloc="37" classes="1" methods="3" coveredmethods="3" conditionals="0" coveredconditionals="0" statements="12" coveredstatements="12" elements="15" coveredelements="15"/>
      </file>
      <file name="/Users/fabeat/Development/Spora/.claude/worktrees/agent-af2ea2eda9372840a/app/Tools/Email/EmailSettingsResolver.php">
        <class name="Spora\Tools\Email\EmailSettingsResolver" namespace="Spora\Tools\Email">
          <metrics complexity="15" methods="6" coveredmethods="5" conditionals="0" coveredconditionals="0" statements="31" coveredstatements="30" elements="37" coveredelements="35"/>
        </class>
        <line num="31" type="method" name="__construct" visibility="public" complexity="1" crap="1" count="56"/>
        <line num="36" type="method" name="fetchSettings" visibility="public" complexity="1" crap="1" count="35"/>
        <line num="38" type="stmt" count="35"/>
        <line num="44" type="method" name="resolveImapSettingsOrFail" visibility="public" complexity="2" crap="2" count="31"/>
        <line num="46" type="stmt" count="31"/>
        <line num="47" type="stmt" count="31"/>
        <line num="48" type="stmt" count="4"/>
        <line num="50" type="stmt" count="27"/>
        <line num="57" type="method" name="resolveImapSettings" visibility="public" complexity="4" crap="4" count="31"/>
        <line num="59" type="stmt" count="31"/>
        <line num="60" type="stmt" count="31"/>
        <line num="61" type="stmt" count="31"/>
        <line num="63" type="stmt" count="31"/>
        <line num="64" type="stmt" count="4"/>
        <line num="67" type="stmt" count="27"/>
        <line num="68" type="stmt" count="27"/>
        <line num="69" type="stmt" count="27"/>
        <line num="70" type="stmt" count="27"/>
        <line num="71" type="stmt" count="27"/>
        <line num="72" type="stmt" count="27"/>
        <line num="73" type="stmt" count="27"/>
        <line num="74" type="stmt" count="27"/>
        <line num="80" type="method" name="validateSmtpSettings" visibility="public" complexity="5" crap="5.05" count="4"/>
        <line num="82" type="stmt" count="4"/>
        <line num="83" type="stmt" count="4"/>
        <line num="85" type="stmt" count="4"/>
        <line num="86" type="stmt" count="0"/>
        <line num="89" type="stmt" count="4"/>
        <line num="90" type="stmt" count="4"/>
        <line num="91" type="stmt" count="2"/>
        <line num="94" type="stmt" count="2"/>
        <line num="97" type="method" name="checkAllowedRecipients" visibility="private" complexity="2" crap="2" count="2"/>
        <line num="99" type="stmt" count="2"/>
        <line num="100" type="stmt" count="2"/>
        <line num="101" type="stmt" count="1"/>
        <line num="103" type="stmt" count="1"/>
        <metrics loc="106" ncloc="86" classes="1" methods="6" coveredmethods="5" conditionals="0" coveredconditionals="0" statements="31" coveredstatements="30" elements="37" coveredelements="35"/>
      </file>
    </package>
    <package name="Spora\Tools\Exceptions">
      <file name="/Users/fabeat/Development/Spora/.claude/worktrees/agent-af2ea2eda9372840a/app/Tools/Exceptions/ToolHttpErrorException.php">
        <class name="Spora\Tools\Exceptions\ToolHttpErrorException" namespace="Spora\Tools\Exceptions">
          <metrics complexity="0" methods="0" coveredmethods="0" conditionals="0" coveredconditionals="0" statements="0" coveredstatements="0" elements="0" coveredelements="0"/>
        </class>
        <metrics loc="13" ncloc="10" classes="0" methods="0" coveredmethods="0" conditionals="0" coveredconditionals="0" statements="0" coveredstatements="0" elements="0" coveredelements="0"/>
      </file>
      <file name="/Users/fabeat/Development/Spora/.claude/worktrees/agent-af2ea2eda9372840a/app/Tools/Exceptions/ToolOperationMissingException.php">
        <class name="Spora\Tools\Exceptions\ToolOperationMissingException" namespace="Spora\Tools\Exceptions">
          <metrics complexity="0" methods="0" coveredmethods="0" conditionals="0" coveredconditionals="0" statements="0" coveredstatements="0" elements="0" coveredelements="0"/>
        </class>
        <metrics loc="14" ncloc="10" classes="0" methods="0" coveredmethods="0" conditionals="0" coveredconditionals="0" statements="0" coveredstatements="0" elements="0" coveredelements="0"/>
      </file>
      <file name="/Users/fabeat/Development/Spora/.claude/worktrees/agent-af2ea2eda9372840a/app/Tools/Exceptions/ToolParameterSchemaException.php">
        <class name="Spora\Tools\Exceptions\ToolParameterSchemaException" namespace="Spora\Tools\Exceptions">
          <metrics complexity="0" methods="0" coveredmethods="0" conditionals="0" coveredconditionals="0" statements="0" coveredstatements="0" elements="0" coveredelements="0"/>
        </class>
        <metrics loc="15" ncloc="10" classes="0" methods="0" coveredmethods="0" conditionals="0" coveredconditionals="0" statements="0" coveredstatements="0" elements="0" coveredelements="0"/>
      </file>
    </package>
    <package name="Spora\Tools\Schema">
      <file name="/Users/fabeat/Development/Spora/.claude/worktrees/agent-af2ea2eda9372840a/app/Tools/Schema/OperationSchemaFilter.php">
        <class name="Spora\Tools\Schema\OperationSchemaFilter" namespace="Spora\Tools\Schema">
          <metrics complexity="4" methods="1" coveredmethods="1" conditionals="0" coveredconditionals="0" statements="13" coveredstatements="13" elements="14" coveredelements="14"/>
        </class>
        <line num="33" type="method" name="filter" visibility="public" complexity="4" crap="4" count="45"/>
        <line num="35" type="stmt" count="45"/>
        <line num="38" type="stmt" count="45"/>
        <line num="39" type="stmt" count="45"/>
        <line num="40" type="stmt" count="1"/>
        <line num="43" type="stmt" count="45"/>
        <line num="44" type="stmt" count="6"/>
        <line num="45" type="stmt" count="6"/>
        <line num="46" type="stmt" count="6"/>
        <line num="47" type="stmt" count="6"/>
        <line num="51" type="stmt" count="45"/>
        <line num="52" type="stmt" count="45"/>
        <line num="53" type="stmt" count="45"/>
        <line num="55" type="stmt" count="45"/>
        <metrics loc="58" ncloc="34" classes="1" methods="1" coveredmethods="1" conditionals="0" coveredconditionals="0" statements="13" coveredstatements="13" elements="14" coveredelements="14"/>
      </file>
      <file name="/Users/fabeat/Development/Spora/.claude/worktrees/agent-af2ea2eda9372840a/app/Tools/Schema/ToolParameterSchemaBuilder.php">
        <class name="Spora\Tools\Schema\ToolParameterSchemaBuilder" namespace="Spora\Tools\Schema">
          <metrics complexity="19" methods="4" coveredmethods="4" conditionals="0" coveredconditionals="0" statements="59" coveredstatements="59" elements="63" coveredelements="63"/>
        </class>
        <line num="40" type="method" name="build" visibility="public" complexity="8" crap="8" count="33"/>
        <line num="42" type="stmt" count="33"/>
        <line num="44" type="stmt" count="33"/>
        <line num="45" type="stmt" count="33"/>
        <line num="46" type="stmt" count="33"/>
        <line num="56" type="stmt" count="33"/>
        <line num="57" type="stmt" count="33"/>
        <line num="59" type="stmt" count="21"/>
        <line num="61" type="stmt" count="21"/>
        <line num="62" type="stmt" count="21"/>
        <line num="64" type="stmt" count="21"/>
        <line num="65" type="stmt" count="21"/>
        <line num="66" type="stmt" count="21"/>
        <line num="67" type="stmt" count="21"/>
        <line num="68" type="stmt" count="21"/>
        <line num="69" type="stmt" count="21"/>
        <line num="76" type="stmt" count="33"/>
        <line num="78" type="stmt" count="29"/>
        <line num="84" type="stmt" count="29"/>
        <line num="85" type="stmt" count="1"/>
        <line num="86" type="stmt" count="1"/>
        <line num="87" type="stmt" count="1"/>
        <line num="88" type="stmt" count="1"/>
        <line num="89" type="stmt" count="1"/>
        <line num="90" type="stmt" count="1"/>
        <line num="91" type="stmt" count="1"/>
        <line num="94" type="stmt" count="28"/>
        <line num="100" type="stmt" count="28"/>
        <line num="101" type="stmt" count="21"/>
        <line num="105" type="stmt" count="32"/>
        <line num="106" type="stmt" count="32"/>
        <line num="107" type="stmt" count="32"/>
        <line num="108" type="stmt" count="32"/>
        <line num="109" type="stmt" count="32"/>
        <line num="122" type="method" name="collectInheritedAttributes" visibility="private" complexity="3" crap="3" count="33"/>
        <line num="124" type="stmt" count="33"/>
        <line num="125" type="stmt" count="33"/>
        <line num="126" type="stmt" count="33"/>
        <line num="127" type="stmt" count="33"/>
        <line num="128" type="stmt" count="32"/>
        <line num="130" type="stmt" count="33"/>
        <line num="132" type="stmt" count="33"/>
        <line num="138" type="method" name="propertyJson" visibility="private" complexity="7" crap="7" count="28"/>
        <line num="140" type="stmt" count="28"/>
        <line num="141" type="stmt" count="28"/>
        <line num="142" type="stmt" count="28"/>
        <line num="143" type="stmt" count="28"/>
        <line num="145" type="stmt" count="28"/>
        <line num="146" type="stmt" count="5"/>
        <line num="149" type="stmt" count="28"/>
        <line num="150" type="stmt" count="6"/>
        <line num="153" type="stmt" count="28"/>
        <line num="154" type="stmt" count="6"/>
        <line num="157" type="stmt" count="28"/>
        <line num="158" type="stmt" count="6"/>
        <line num="161" type="stmt" count="28"/>
        <line num="162" type="stmt" count="5"/>
        <line num="165" type="stmt" count="28"/>
        <line num="166" type="stmt" count="2"/>
        <line num="169" type="stmt" count="28"/>
        <line num="175" type="method" name="buildDiscriminatorDescription" visibility="private" complexity="1" crap="1" count="21"/>
        <line num="177" type="stmt" count="21"/>
        <line num="178" type="stmt" count="21"/>
        <metrics loc="181" ncloc="119" classes="1" methods="4" coveredmethods="4" conditionals="0" coveredconditionals="0" statements="59" coveredstatements="59" elements="63" coveredelements="63"/>
      </file>
    </package>
    <file name="/Users/fabeat/Development/Spora/.claude/worktrees/agent-af2ea2eda9372840a/app/Tools/ToolInterface.php">
      <metrics loc="55" ncloc="19" classes="0" methods="0" coveredmethods="0" conditionals="0" coveredconditionals="0" statements="0" coveredstatements="0" elements="0" coveredelements="0"/>
    </file>
    <package name="Spora\Tools\Traits">
      <file name="/Users/fabeat/Development/Spora/.claude/worktrees/agent-af2ea2eda9372840a/app/Tools/Traits/HasOperations.php">
        <class name="Spora\Tools\Traits\HasOperations" namespace="Spora\Tools\Traits">
          <metrics complexity="12" methods="6" coveredmethods="6" conditionals="0" coveredconditionals="0" statements="29" coveredstatements="29" elements="35" coveredelements="35"/>
        </class>
        <line num="26" type="method" name="getOperationName" visibility="public" complexity="4" crap="4" count="212"/>
        <line num="28" type="stmt" count="212"/>
        <line num="29" type="stmt" count="212"/>
        <line num="31" type="stmt" count="212"/>
        <line num="32" type="stmt" count="1"/>
        <line num="33" type="stmt" count="1"/>
        <line num="34" type="stmt" count="1"/>
        <line num="35" type="stmt" count="1"/>
        <line num="39" type="stmt" count="211"/>
        <line num="41" type="stmt" count="211"/>
        <line num="45" type="stmt" count="211"/>
        <line num="46" type="stmt" count="41"/>
        <line num="49" type="stmt" count="171"/>
        <line num="55" type="method" name="getOperation" visibility="public" complexity="3" crap="3" count="38"/>
        <line num="57" type="stmt" count="38"/>
        <line num="58" type="stmt" count="38"/>
        <line num="59" type="stmt" count="38"/>
        <line num="60" type="stmt" count="38"/>
        <line num="61" type="stmt" count="35"/>
        <line num="64" type="stmt" count="3"/>
        <line num="71" type="method" name="getOperationDescription" visibility="public" complexity="2" crap="2" count="34"/>
        <line num="73" type="stmt" count="34"/>
        <line num="74" type="stmt" count="34"/>
        <line num="80" type="method" name="isEnabledByDefault" visibility="public" complexity="1" crap="1" count="35"/>
        <line num="82" type="stmt" count="35"/>
        <line num="83" type="stmt" count="35"/>
        <line num="89" type="method" name="requiresApprovalByDefault" visibility="public" complexity="1" crap="1" count="35"/>
        <line num="91" type="stmt" count="35"/>
        <line num="92" type="stmt" count="35"/>
        <line num="100" type="method" name="getOperations" visibility="public" complexity="1" crap="1" count="46"/>
        <line num="102" type="stmt" count="46"/>
        <line num="103" type="stmt" count="46"/>
        <line num="104" type="stmt" count="46"/>
        <line num="105" type="stmt" count="46"/>
        <line num="106" type="stmt" count="46"/>
        <metrics loc="109" ncloc="76" classes="1" methods="6" coveredmethods="6" conditionals="0" coveredconditionals="0" statements="29" coveredstatements="29" elements="35" coveredelements="35"/>
      </file>
      <file name="/Users/fabeat/Development/Spora/.claude/worktrees/agent-af2ea2eda9372840a/app/Tools/Traits/HasParameterSchema.php">
        <class name="Spora\Tools\Traits\HasParameterSchema" namespace="Spora\Tools\Traits">
          <metrics complexity="1" methods="1" coveredmethods="1" conditionals="0" coveredconditionals="0" statements="1" coveredstatements="1" elements="2" coveredelements="2"/>
        </class>
        <line num="30" type="method" name="getParametersSchema" visibility="public" complexity="1" crap="1" count="20"/>
        <line num="32" type="stmt" count="20"/>
        <metrics loc="35" ncloc="17" classes="1" methods="1" coveredmethods="1" conditionals="0" coveredconditionals="0" statements="1" coveredstatements="1" elements="2" coveredelements="2"/>
      </file>
    </package>
    <package name="Spora\Tools\ValueObjects">
      <file name="/Users/fabeat/Development/Spora/.claude/worktrees/agent-af2ea2eda9372840a/app/Tools/ValueObjects/ToolResult.php">
        <class name="Spora\Tools\ValueObjects\ToolResult" namespace="Spora\Tools\ValueObjects">
          <metrics complexity="1" methods="1" coveredmethods="1" conditionals="0" coveredconditionals="0" statements="1" coveredstatements="1" elements="2" coveredelements="2"/>
        </class>
        <line num="13" type="method" name="__construct" visibility="public" complexity="1" crap="1" count="210"/>
        <line num="30" type="stmt" count="210"/>
        <metrics loc="32" ncloc="17" classes="1" methods="1" coveredmethods="1" conditionals="0" coveredconditionals="0" statements="1" coveredstatements="1" elements="2" coveredelements="2"/>
      </file>
    </package>
    <package name="Spora\Workers">
      <file name="/Users/fabeat/Development/Spora/.claude/worktrees/agent-af2ea2eda9372840a/app/Workers/WorkerTickPlanner.php">
        <class name="Spora\Workers\WorkerTickPlanner" namespace="Spora\Workers">
          <metrics complexity="20" methods="5" coveredmethods="3" conditionals="0" coveredconditionals="0" statements="35" coveredstatements="31" elements="40" coveredelements="34"/>
        </class>
        <line num="38" type="method" name="planQueued" visibility="public" complexity="4" crap="4" count="7"/>
        <line num="40" type="stmt" count="7"/>
        <line num="41" type="stmt" count="1"/>
        <line num="44" type="stmt" count="6"/>
        <line num="45" type="stmt" count="4"/>
        <line num="46" type="stmt" count="2"/>
        <line num="48" type="stmt" count="6"/>
        <line num="49" type="stmt" count="4"/>
        <line num="51" type="stmt" count="2"/>
        <line num="66" type="method" name="isOrphan" visibility="public" complexity="5" crap="5" count="9"/>
        <line num="68" type="stmt" count="9"/>
        <line num="69" type="stmt" count="1"/>
        <line num="71" type="stmt" count="8"/>
        <line num="72" type="stmt" count="8"/>
        <line num="73" type="stmt" count="8"/>
        <line num="74" type="stmt" count="8"/>
        <line num="75" type="stmt" count="8"/>
        <line num="76" type="stmt" count="8"/>
        <line num="77" type="stmt" count="8"/>
        <line num="85" type="method" name="parseUpdatedAt" visibility="private" complexity="4" crap="4.37" count="8"/>
        <line num="87" type="stmt" count="8"/>
        <line num="88" type="stmt" count="1"/>
        <line num="91" type="stmt" count="7"/>
        <line num="92" type="stmt" count="1"/>
        <line num="93" type="stmt" count="7"/>
        <line num="94" type="stmt" count="0"/>
        <line num="95" type="stmt" count="0"/>
        <line num="109" type="method" name="isScheduledDue" visibility="public" complexity="5" crap="5" count="5"/>
        <line num="114" type="stmt" count="5"/>
        <line num="115" type="stmt" count="2"/>
        <line num="117" type="stmt" count="3"/>
        <line num="118" type="stmt" count="3"/>
        <line num="119" type="stmt" count="1"/>
        <line num="121" type="stmt" count="2"/>
        <line num="122" type="stmt" count="2"/>
        <line num="123" type="stmt" count="2"/>
        <line num="130" type="method" name="computePreviousDue" visibility="private" complexity="2" crap="3.19" count="2"/>
        <line num="133" type="stmt" count="2"/>
        <line num="134" type="stmt" count="0"/>
        <line num="135" type="stmt" count="0"/>
        <metrics loc="139" ncloc="87" classes="1" methods="5" coveredmethods="3" conditionals="0" coveredconditionals="0" statements="35" coveredstatements="31" elements="40" coveredelements="34"/>
      </file>
    </package>
    <metrics files="215" loc="27038" ncloc="22507" classes="164" methods="1105" coveredmethods="805" conditionals="0" coveredconditionals="0" statements="9927" coveredstatements="8735" elements="11032" coveredelements="9540"/>
  </project>
</coverage>
