<?xml version="1.0" encoding="UTF-8"?>
<coverage generated="1780593141">
  <project timestamp="1780593141" name="Clover Coverage">
    <package name="Spora\Agents">
      <file name="/Users/fabeat/Development/Spora/app/Agents/Orchestrator.php">
        <class name="Spora\Agents\Orchestrator" namespace="Spora\Agents">
          <metrics complexity="182" methods="30" coveredmethods="9" conditionals="0" coveredconditionals="0" statements="835" coveredstatements="582" elements="865" coveredelements="591"/>
        </class>
        <line num="61" type="method" name="__construct" visibility="public" complexity="1" crap="1" count="50"/>
        <line num="72" type="stmt" count="50"/>
        <line num="76" type="method" name="start" visibility="public" complexity="4" crap="4" count="31"/>
        <line num="78" type="stmt" count="31"/>
        <line num="80" type="stmt" count="31"/>
        <line num="82" type="stmt" count="31"/>
        <line num="83" type="stmt" count="31"/>
        <line num="84" type="stmt" count="31"/>
        <line num="85" type="stmt" count="31"/>
        <line num="86" type="stmt" count="31"/>
        <line num="87" type="stmt" count="31"/>
        <line num="88" type="stmt" count="31"/>
        <line num="89" type="stmt" count="31"/>
        <line num="90" type="stmt" count="31"/>
        <line num="91" type="stmt" count="31"/>
        <line num="93" type="stmt" count="31"/>
        <line num="95" type="stmt" count="31"/>
        <line num="96" type="stmt" count="30"/>
        <line num="99" type="stmt" count="29"/>
        <line num="102" type="method" name="continue" visibility="public" complexity="5" crap="5.09" count="1"/>
        <line num="104" type="stmt" count="1"/>
        <line num="106" type="stmt" count="1"/>
        <line num="107" type="stmt" count="0"/>
        <line num="110" type="stmt" count="1"/>
        <line num="112" type="stmt" count="1"/>
        <line num="113" type="stmt" count="1"/>
        <line num="114" type="stmt" count="1"/>
        <line num="116" type="stmt" count="1"/>
        <line num="117" type="stmt" count="0"/>
        <line num="120" type="stmt" count="1"/>
        <line num="122" type="stmt" count="1"/>
        <line num="123" type="stmt" count="1"/>
        <line num="126" type="stmt" count="1"/>
        <line num="129" type="method" name="tick" visibility="public" complexity="18" crap="18.07" count="42"/>
        <line num="131" type="stmt" count="42"/>
        <line num="133" type="stmt" count="42"/>
        <line num="134" type="stmt" count="42"/>
        <line num="136" type="stmt" count="42"/>
        <line num="137" type="stmt" count="2"/>
        <line num="140" type="stmt" count="40"/>
        <line num="141" type="stmt" count="1"/>
        <line num="142" type="stmt" count="1"/>
        <line num="143" type="stmt" count="1"/>
        <line num="144" type="stmt" count="1"/>
        <line num="147" type="stmt" count="40"/>
        <line num="148" type="stmt" count="42"/>
        <line num="150" type="stmt" count="42"/>
        <line num="151" type="stmt" count="3"/>
        <line num="155" type="stmt" count="40"/>
        <line num="156" type="stmt" count="40"/>
        <line num="157" type="stmt" count="40"/>
        <line num="159" type="stmt" count="40"/>
        <line num="160" type="stmt" count="0"/>
        <line num="161" type="stmt" count="40"/>
        <line num="163" type="stmt" count="40"/>
        <line num="164" type="stmt" count="38"/>
        <line num="165" type="stmt" count="38"/>
        <line num="166" type="stmt" count="38"/>
        <line num="168" type="stmt" count="38"/>
        <line num="169" type="stmt" count="38"/>
        <line num="170" type="stmt" count="38"/>
        <line num="171" type="stmt" count="38"/>
        <line num="172" type="stmt" count="38"/>
        <line num="173" type="stmt" count="38"/>
        <line num="174" type="stmt" count="38"/>
        <line num="175" type="stmt" count="38"/>
        <line num="176" type="stmt" count="38"/>
        <line num="177" type="stmt" count="38"/>
        <line num="178" type="stmt" count="38"/>
        <line num="179" type="stmt" count="38"/>
        <line num="180" type="stmt" count="38"/>
        <line num="181" type="stmt" count="38"/>
        <line num="182" type="stmt" count="38"/>
        <line num="183" type="stmt" count="2"/>
        <line num="184" type="stmt" count="2"/>
        <line num="185" type="stmt" count="2"/>
        <line num="186" type="stmt" count="2"/>
        <line num="187" type="stmt" count="2"/>
        <line num="188" type="stmt" count="2"/>
        <line num="189" type="stmt" count="2"/>
        <line num="190" type="stmt" count="2"/>
        <line num="192" type="stmt" count="2"/>
        <line num="195" type="stmt" count="38"/>
        <line num="198" type="stmt" count="38"/>
        <line num="200" type="stmt" count="37"/>
        <line num="201" type="stmt" count="37"/>
        <line num="202" type="stmt" count="37"/>
        <line num="204" type="stmt" count="37"/>
        <line num="205" type="stmt" count="22"/>
        <line num="206" type="stmt" count="22"/>
        <line num="207" type="stmt" count="22"/>
        <line num="208" type="stmt" count="22"/>
        <line num="209" type="stmt" count="22"/>
        <line num="210" type="stmt" count="22"/>
        <line num="211" type="stmt" count="22"/>
        <line num="212" type="stmt" count="22"/>
        <line num="213" type="stmt" count="22"/>
        <line num="214" type="stmt" count="22"/>
        <line num="216" type="stmt" count="22"/>
        <line num="217" type="stmt" count="22"/>
        <line num="218" type="stmt" count="22"/>
        <line num="219" type="stmt" count="22"/>
        <line num="220" type="stmt" count="22"/>
        <line num="221" type="stmt" count="22"/>
        <line num="222" type="stmt" count="22"/>
        <line num="223" type="stmt" count="22"/>
        <line num="224" type="stmt" count="22"/>
        <line num="226" type="stmt" count="22"/>
        <line num="228" type="stmt" count="33"/>
        <line num="229" type="stmt" count="33"/>
        <line num="230" type="stmt" count="33"/>
        <line num="231" type="stmt" count="33"/>
        <line num="232" type="stmt" count="33"/>
        <line num="233" type="stmt" count="33"/>
        <line num="234" type="stmt" count="33"/>
        <line num="235" type="stmt" count="33"/>
        <line num="237" type="stmt" count="33"/>
        <line num="238" type="stmt" count="33"/>
        <line num="239" type="stmt" count="33"/>
        <line num="241" type="stmt" count="33"/>
        <line num="242" type="stmt" count="37"/>
        <line num="245" type="stmt" count="1"/>
        <line num="246" type="stmt" count="1"/>
        <line num="247" type="stmt" count="1"/>
        <line num="248" type="stmt" count="1"/>
        <line num="249" type="stmt" count="1"/>
        <line num="250" type="stmt" count="1"/>
        <line num="252" type="stmt" count="1"/>
        <line num="253" type="stmt" count="1"/>
        <line num="255" type="stmt" count="1"/>
        <line num="256" type="stmt" count="0"/>
        <line num="257" type="stmt" count="0"/>
        <line num="260" type="stmt" count="1"/>
        <line num="261" type="stmt" count="1"/>
        <line num="264" type="stmt" count="1"/>
        <line num="265" type="stmt" count="1"/>
        <line num="266" type="stmt" count="1"/>
        <line num="267" type="stmt" count="1"/>
        <line num="268" type="stmt" count="1"/>
        <line num="269" type="stmt" count="1"/>
        <line num="270" type="stmt" count="1"/>
        <line num="271" type="stmt" count="1"/>
        <line num="273" type="stmt" count="1"/>
        <line num="274" type="stmt" count="1"/>
        <line num="275" type="stmt" count="1"/>
        <line num="277" type="stmt" count="1"/>
        <line num="278" type="stmt" count="0"/>
        <line num="279" type="stmt" count="0"/>
        <line num="283" type="stmt" count="1"/>
        <line num="284" type="stmt" count="0"/>
        <line num="285" type="stmt" count="1"/>
        <line num="289" type="stmt" count="0"/>
        <line num="293" type="stmt" count="1"/>
        <line num="297" type="method" name="isContextWindowError" visibility="private" complexity="3" crap="6.28" count="1"/>
        <line num="299" type="stmt" count="1"/>
        <line num="300" type="stmt" count="1"/>
        <line num="303" type="stmt" count="0"/>
        <line num="305" type="stmt" count="0"/>
        <line num="306" type="stmt" count="0"/>
        <line num="307" type="stmt" count="0"/>
        <line num="310" type="stmt" count="0"/>
        <line num="313" type="method" name="tryCompactionAndRetry" visibility="private" complexity="7" crap="56" count="0"/>
        <line num="315" type="stmt" count="0"/>
        <line num="316" type="stmt" count="0"/>
        <line num="319" type="stmt" count="0"/>
        <line num="321" type="stmt" count="0"/>
        <line num="322" type="stmt" count="0"/>
        <line num="323" type="stmt" count="0"/>
        <line num="324" type="stmt" count="0"/>
        <line num="325" type="stmt" count="0"/>
        <line num="326" type="stmt" count="0"/>
        <line num="328" type="stmt" count="0"/>
        <line num="329" type="stmt" count="0"/>
        <line num="330" type="stmt" count="0"/>
        <line num="331" type="stmt" count="0"/>
        <line num="332" type="stmt" count="0"/>
        <line num="333" type="stmt" count="0"/>
        <line num="335" type="stmt" count="0"/>
        <line num="336" type="stmt" count="0"/>
        <line num="339" type="stmt" count="0"/>
        <line num="340" type="stmt" count="0"/>
        <line num="341" type="stmt" count="0"/>
        <line num="343" type="stmt" count="0"/>
        <line num="346" type="stmt" count="0"/>
        <line num="347" type="stmt" count="0"/>
        <line num="348" type="stmt" count="0"/>
        <line num="349" type="stmt" count="0"/>
        <line num="353" type="stmt" count="0"/>
        <line num="354" type="stmt" count="0"/>
        <line num="355" type="stmt" count="0"/>
        <line num="359" type="method" name="compactHistory" visibility="private" complexity="11" crap="132" count="0"/>
        <line num="361" type="stmt" count="0"/>
        <line num="362" type="stmt" count="0"/>
        <line num="363" type="stmt" count="0"/>
        <line num="365" type="stmt" count="0"/>
        <line num="366" type="stmt" count="0"/>
        <line num="367" type="stmt" count="0"/>
        <line num="370" type="stmt" count="0"/>
        <line num="372" type="stmt" count="0"/>
        <line num="373" type="stmt" count="0"/>
        <line num="374" type="stmt" count="0"/>
        <line num="375" type="stmt" count="0"/>
        <line num="377" type="stmt" count="0"/>
        <line num="378" type="stmt" count="0"/>
        <line num="379" type="stmt" count="0"/>
        <line num="380" type="stmt" count="0"/>
        <line num="381" type="stmt" count="0"/>
        <line num="383" type="stmt" count="0"/>
        <line num="384" type="stmt" count="0"/>
        <line num="388" type="stmt" count="0"/>
        <line num="389" type="stmt" count="0"/>
        <line num="390" type="stmt" count="0"/>
        <line num="391" type="stmt" count="0"/>
        <line num="392" type="stmt" count="0"/>
        <line num="393" type="stmt" count="0"/>
        <line num="396" type="stmt" count="0"/>
        <line num="397" type="stmt" count="0"/>
        <line num="398" type="stmt" count="0"/>
        <line num="400" type="stmt" count="0"/>
        <line num="402" type="stmt" count="0"/>
        <line num="403" type="stmt" count="0"/>
        <line num="404" type="stmt" count="0"/>
        <line num="405" type="stmt" count="0"/>
        <line num="406" type="stmt" count="0"/>
        <line num="407" type="stmt" count="0"/>
        <line num="408" type="stmt" count="0"/>
        <line num="410" type="stmt" count="0"/>
        <line num="411" type="stmt" count="0"/>
        <line num="413" type="stmt" count="0"/>
        <line num="415" type="stmt" count="0"/>
        <line num="416" type="stmt" count="0"/>
        <line num="417" type="stmt" count="0"/>
        <line num="418" type="stmt" count="0"/>
        <line num="419" type="stmt" count="0"/>
        <line num="421" type="stmt" count="0"/>
        <line num="422" type="stmt" count="0"/>
        <line num="423" type="stmt" count="0"/>
        <line num="424" type="stmt" count="0"/>
        <line num="425" type="stmt" count="0"/>
        <line num="426" type="stmt" count="0"/>
        <line num="427" type="stmt" count="0"/>
        <line num="429" type="stmt" count="0"/>
        <line num="430" type="stmt" count="0"/>
        <line num="431" type="stmt" count="0"/>
        <line num="432" type="stmt" count="0"/>
        <line num="434" type="stmt" count="0"/>
        <line num="435" type="stmt" count="0"/>
        <line num="436" type="stmt" count="0"/>
        <line num="437" type="stmt" count="0"/>
        <line num="438" type="stmt" count="0"/>
        <line num="440" type="stmt" count="0"/>
        <line num="443" type="method" name="extractActualContextWindow" visibility="private" complexity="3" crap="12" count="0"/>
        <line num="445" type="stmt" count="0"/>
        <line num="446" type="stmt" count="0"/>
        <line num="449" type="stmt" count="0"/>
        <line num="450" type="stmt" count="0"/>
        <line num="451" type="stmt" count="0"/>
        <line num="452" type="stmt" count="0"/>
        <line num="455" type="stmt" count="0"/>
        <line num="461" type="method" name="friendlyMessageForError" visibility="private" complexity="3" crap="4.12" count="1"/>
        <line num="463" type="stmt" count="1"/>
        <line num="465" type="stmt" count="1"/>
        <line num="466" type="stmt" count="0"/>
        <line num="467" type="stmt" count="0"/>
        <line num="468" type="stmt" count="0"/>
        <line num="472" type="stmt" count="1"/>
        <line num="480" type="method" name="resume" visibility="public" complexity="13" crap="14.35" count="4"/>
        <line num="482" type="stmt" count="4"/>
        <line num="483" type="stmt" count="4"/>
        <line num="485" type="stmt" count="4"/>
        <line num="487" type="stmt" count="4"/>
        <line num="489" type="stmt" count="4"/>
        <line num="490" type="stmt" count="1"/>
        <line num="492" type="stmt" count="3"/>
        <line num="493" type="stmt" count="0"/>
        <line num="496" type="stmt" count="3"/>
        <line num="499" type="stmt" count="3"/>
        <line num="500" type="stmt" count="3"/>
        <line num="501" type="stmt" count="4"/>
        <line num="504" type="stmt" count="3"/>
        <line num="505" type="stmt" count="0"/>
        <line num="508" type="stmt" count="3"/>
        <line num="509" type="stmt" count="3"/>
        <line num="510" type="stmt" count="3"/>
        <line num="511" type="stmt" count="3"/>
        <line num="513" type="stmt" count="3"/>
        <line num="514" type="stmt" count="3"/>
        <line num="515" type="stmt" count="3"/>
        <line num="518" type="stmt" count="3"/>
        <line num="519" type="stmt" count="3"/>
        <line num="521" type="stmt" count="3"/>
        <line num="524" type="stmt" count="3"/>
        <line num="525" type="stmt" count="1"/>
        <line num="526" type="stmt" count="1"/>
        <line num="527" type="stmt" count="1"/>
        <line num="528" type="stmt" count="1"/>
        <line num="529" type="stmt" count="1"/>
        <line num="530" type="stmt" count="1"/>
        <line num="531" type="stmt" count="1"/>
        <line num="532" type="stmt" count="1"/>
        <line num="533" type="stmt" count="1"/>
        <line num="534" type="stmt" count="1"/>
        <line num="535" type="stmt" count="1"/>
        <line num="536" type="stmt" count="1"/>
        <line num="537" type="stmt" count="1"/>
        <line num="538" type="stmt" count="1"/>
        <line num="539" type="stmt" count="1"/>
        <line num="540" type="stmt" count="1"/>
        <line num="541" type="stmt" count="1"/>
        <line num="544" type="stmt" count="2"/>
        <line num="546" type="stmt" count="2"/>
        <line num="547" type="stmt" count="2"/>
        <line num="548" type="stmt" count="2"/>
        <line num="549" type="stmt" count="2"/>
        <line num="550" type="stmt" count="2"/>
        <line num="551" type="stmt" count="2"/>
        <line num="552" type="stmt" count="2"/>
        <line num="553" type="stmt" count="2"/>
        <line num="554" type="stmt" count="2"/>
        <line num="557" type="stmt" count="2"/>
        <line num="558" type="stmt" count="2"/>
        <line num="559" type="stmt" count="2"/>
        <line num="560" type="stmt" count="2"/>
        <line num="561" type="stmt" count="2"/>
        <line num="562" type="stmt" count="2"/>
        <line num="563" type="stmt" count="2"/>
        <line num="567" type="stmt" count="3"/>
        <line num="568" type="stmt" count="3"/>
        <line num="569" type="stmt" count="3"/>
        <line num="571" type="stmt" count="3"/>
        <line num="572" type="stmt" count="0"/>
        <line num="573" type="stmt" count="0"/>
        <line num="574" type="stmt" count="0"/>
        <line num="575" type="stmt" count="0"/>
        <line num="576" type="stmt" count="0"/>
        <line num="577" type="stmt" count="0"/>
        <line num="578" type="stmt" count="0"/>
        <line num="581" type="stmt" count="3"/>
        <line num="582" type="stmt" count="3"/>
        <line num="583" type="stmt" count="3"/>
        <line num="585" type="stmt" count="3"/>
        <line num="586" type="stmt" count="3"/>
        <line num="588" type="stmt" count="3"/>
        <line num="591" type="stmt" count="3"/>
        <line num="594" type="stmt" count="0"/>
        <line num="595" type="stmt" count="0"/>
        <line num="596" type="stmt" count="0"/>
        <line num="597" type="stmt" count="0"/>
        <line num="598" type="stmt" count="0"/>
        <line num="599" type="stmt" count="0"/>
        <line num="600" type="stmt" count="0"/>
        <line num="601" type="stmt" count="0"/>
        <line num="605" type="method" name="reject" visibility="public" complexity="9" crap="10.27" count="2"/>
        <line num="607" type="stmt" count="2"/>
        <line num="608" type="stmt" count="2"/>
        <line num="610" type="stmt" count="2"/>
        <line num="612" type="stmt" count="2"/>
        <line num="614" type="stmt" count="2"/>
        <line num="615" type="stmt" count="1"/>
        <line num="617" type="stmt" count="1"/>
        <line num="618" type="stmt" count="0"/>
        <line num="620" type="stmt" count="1"/>
        <line num="623" type="stmt" count="1"/>
        <line num="624" type="stmt" count="1"/>
        <line num="625" type="stmt" count="2"/>
        <line num="628" type="stmt" count="1"/>
        <line num="629" type="stmt" count="0"/>
        <line num="632" type="stmt" count="1"/>
        <line num="633" type="stmt" count="1"/>
        <line num="634" type="stmt" count="1"/>
        <line num="636" type="stmt" count="1"/>
        <line num="637" type="stmt" count="1"/>
        <line num="638" type="stmt" count="1"/>
        <line num="640" type="stmt" count="1"/>
        <line num="641" type="stmt" count="1"/>
        <line num="642" type="stmt" count="1"/>
        <line num="643" type="stmt" count="1"/>
        <line num="644" type="stmt" count="1"/>
        <line num="645" type="stmt" count="1"/>
        <line num="646" type="stmt" count="1"/>
        <line num="647" type="stmt" count="1"/>
        <line num="650" type="stmt" count="1"/>
        <line num="651" type="stmt" count="1"/>
        <line num="653" type="stmt" count="1"/>
        <line num="656" type="stmt" count="1"/>
        <line num="659" type="stmt" count="0"/>
        <line num="660" type="stmt" count="0"/>
        <line num="661" type="stmt" count="0"/>
        <line num="662" type="stmt" count="0"/>
        <line num="663" type="stmt" count="0"/>
        <line num="664" type="stmt" count="0"/>
        <line num="665" type="stmt" count="0"/>
        <line num="666" type="stmt" count="0"/>
        <line num="671" type="method" name="handleToolCalls" visibility="private" complexity="11" crap="12.99" count="22"/>
        <line num="674" type="stmt" count="22"/>
        <line num="676" type="stmt" count="22"/>
        <line num="678" type="stmt" count="22"/>
        <line num="679" type="stmt" count="22"/>
        <line num="681" type="stmt" count="22"/>
        <line num="682" type="stmt" count="0"/>
        <line num="685" type="stmt" count="22"/>
        <line num="686" type="stmt" count="22"/>
        <line num="687" type="stmt" count="22"/>
        <line num="689" type="stmt" count="22"/>
        <line num="690" type="stmt" count="22"/>
        <line num="691" type="stmt" count="22"/>
        <line num="693" type="stmt" count="22"/>
        <line num="694" type="stmt" count="0"/>
        <line num="695" type="stmt" count="0"/>
        <line num="696" type="stmt" count="0"/>
        <line num="697" type="stmt" count="0"/>
        <line num="698" type="stmt" count="0"/>
        <line num="699" type="stmt" count="0"/>
        <line num="700" type="stmt" count="0"/>
        <line num="701" type="stmt" count="0"/>
        <line num="702" type="stmt" count="0"/>
        <line num="703" type="stmt" count="0"/>
        <line num="704" type="stmt" count="0"/>
        <line num="705" type="stmt" count="0"/>
        <line num="706" type="stmt" count="0"/>
        <line num="707" type="stmt" count="0"/>
        <line num="708" type="stmt" count="0"/>
        <line num="709" type="stmt" count="0"/>
        <line num="710" type="stmt" count="0"/>
        <line num="711" type="stmt" count="0"/>
        <line num="712" type="stmt" count="0"/>
        <line num="713" type="stmt" count="0"/>
        <line num="714" type="stmt" count="0"/>
        <line num="718" type="stmt" count="22"/>
        <line num="720" type="stmt" count="22"/>
        <line num="721" type="stmt" count="22"/>
        <line num="722" type="stmt" count="22"/>
        <line num="723" type="stmt" count="22"/>
        <line num="724" type="stmt" count="22"/>
        <line num="725" type="stmt" count="22"/>
        <line num="726" type="stmt" count="22"/>
        <line num="727" type="stmt" count="22"/>
        <line num="728" type="stmt" count="22"/>
        <line num="729" type="stmt" count="22"/>
        <line num="730" type="stmt" count="22"/>
        <line num="731" type="stmt" count="22"/>
        <line num="732" type="stmt" count="22"/>
        <line num="735" type="stmt" count="22"/>
        <line num="736" type="stmt" count="2"/>
        <line num="737" type="stmt" count="2"/>
        <line num="738" type="stmt" count="2"/>
        <line num="739" type="stmt" count="2"/>
        <line num="740" type="stmt" count="2"/>
        <line num="741" type="stmt" count="2"/>
        <line num="742" type="stmt" count="2"/>
        <line num="743" type="stmt" count="2"/>
        <line num="744" type="stmt" count="2"/>
        <line num="745" type="stmt" count="2"/>
        <line num="746" type="stmt" count="2"/>
        <line num="747" type="stmt" count="2"/>
        <line num="748" type="stmt" count="2"/>
        <line num="749" type="stmt" count="2"/>
        <line num="750" type="stmt" count="2"/>
        <line num="751" type="stmt" count="2"/>
        <line num="752" type="stmt" count="2"/>
        <line num="755" type="stmt" count="20"/>
        <line num="756" type="stmt" count="14"/>
        <line num="758" type="stmt" count="14"/>
        <line num="759" type="stmt" count="14"/>
        <line num="760" type="stmt" count="14"/>
        <line num="761" type="stmt" count="14"/>
        <line num="762" type="stmt" count="14"/>
        <line num="763" type="stmt" count="14"/>
        <line num="764" type="stmt" count="14"/>
        <line num="765" type="stmt" count="14"/>
        <line num="766" type="stmt" count="14"/>
        <line num="767" type="stmt" count="14"/>
        <line num="768" type="stmt" count="14"/>
        <line num="769" type="stmt" count="14"/>
        <line num="770" type="stmt" count="14"/>
        <line num="771" type="stmt" count="14"/>
        <line num="772" type="stmt" count="14"/>
        <line num="774" type="stmt" count="20"/>
        <line num="776" type="stmt" count="0"/>
        <line num="777" type="stmt" count="0"/>
        <line num="778" type="stmt" count="0"/>
        <line num="779" type="stmt" count="0"/>
        <line num="780" type="stmt" count="0"/>
        <line num="781" type="stmt" count="0"/>
        <line num="782" type="stmt" count="0"/>
        <line num="783" type="stmt" count="0"/>
        <line num="787" type="stmt" count="22"/>
        <line num="788" type="stmt" count="15"/>
        <line num="789" type="stmt" count="15"/>
        <line num="791" type="stmt" count="7"/>
        <line num="792" type="stmt" count="7"/>
        <line num="793" type="stmt" count="7"/>
        <line num="794" type="stmt" count="7"/>
        <line num="795" type="stmt" count="7"/>
        <line num="796" type="stmt" count="7"/>
        <line num="797" type="stmt" count="7"/>
        <line num="798" type="stmt" count="7"/>
        <line num="799" type="stmt" count="7"/>
        <line num="801" type="stmt" count="7"/>
        <line num="802" type="stmt" count="7"/>
        <line num="803" type="stmt" count="7"/>
        <line num="805" type="stmt" count="7"/>
        <line num="806" type="stmt" count="7"/>
        <line num="807" type="stmt" count="7"/>
        <line num="808" type="stmt" count="7"/>
        <line num="809" type="stmt" count="7"/>
        <line num="810" type="stmt" count="7"/>
        <line num="811" type="stmt" count="7"/>
        <line num="812" type="stmt" count="7"/>
        <line num="813" type="stmt" count="7"/>
        <line num="815" type="stmt" count="7"/>
        <line num="817" type="stmt" count="7"/>
        <line num="821" type="method" name="publishIntermediateState" visibility="private" complexity="2" crap="2" count="22"/>
        <line num="823" type="stmt" count="22"/>
        <line num="824" type="stmt" count="20"/>
        <line num="827" type="stmt" count="2"/>
        <line num="829" type="stmt" count="2"/>
        <line num="830" type="stmt" count="2"/>
        <line num="831" type="stmt" count="2"/>
        <line num="832" type="stmt" count="2"/>
        <line num="833" type="stmt" count="2"/>
        <line num="834" type="stmt" count="2"/>
        <line num="835" type="stmt" count="2"/>
        <line num="836" type="stmt" count="2"/>
        <line num="837" type="stmt" count="2"/>
        <line num="838" type="stmt" count="2"/>
        <line num="839" type="stmt" count="2"/>
        <line num="840" type="stmt" count="2"/>
        <line num="841" type="stmt" count="2"/>
        <line num="842" type="stmt" count="2"/>
        <line num="844" type="stmt" count="2"/>
        <line num="847" type="method" name="safeExecute" visibility="private" complexity="4" crap="4" count="16"/>
        <line num="854" type="stmt" count="16"/>
        <line num="855" type="stmt" count="16"/>
        <line num="856" type="stmt" count="16"/>
        <line num="859" type="stmt" count="16"/>
        <line num="860" type="stmt" count="16"/>
        <line num="861" type="stmt" count="16"/>
        <line num="862" type="stmt" count="16"/>
        <line num="863" type="stmt" count="16"/>
        <line num="864" type="stmt" count="16"/>
        <line num="867" type="stmt" count="16"/>
        <line num="869" type="stmt" count="14"/>
        <line num="870" type="stmt" count="1"/>
        <line num="871" type="stmt" count="1"/>
        <line num="872" type="stmt" count="1"/>
        <line num="873" type="stmt" count="1"/>
        <line num="874" type="stmt" count="1"/>
        <line num="875" type="stmt" count="1"/>
        <line num="878" type="stmt" count="14"/>
        <line num="879" type="stmt" count="2"/>
        <line num="880" type="stmt" count="2"/>
        <line num="881" type="stmt" count="2"/>
        <line num="882" type="stmt" count="2"/>
        <line num="883" type="stmt" count="2"/>
        <line num="884" type="stmt" count="2"/>
        <line num="885" type="stmt" count="2"/>
        <line num="886" type="stmt" count="2"/>
        <line num="888" type="stmt" count="2"/>
        <line num="889" type="stmt" count="2"/>
        <line num="890" type="stmt" count="2"/>
        <line num="891" type="stmt" count="2"/>
        <line num="892" type="stmt" count="2"/>
        <line num="896" type="method" name="resolveRequiresApproval" visibility="private" complexity="5" crap="5.93" count="22"/>
        <line num="898" type="stmt" count="22"/>
        <line num="899" type="stmt" count="0"/>
        <line num="902" type="stmt" count="22"/>
        <line num="904" type="stmt" count="22"/>
        <line num="905" type="stmt" count="22"/>
        <line num="916" type="stmt" count="22"/>
        <line num="917" type="stmt" count="22"/>
        <line num="918" type="stmt" count="22"/>
        <line num="919" type="stmt" count="22"/>
        <line num="921" type="stmt" count="22"/>
        <line num="922" type="stmt" count="0"/>
        <line num="923" type="stmt" count="0"/>
        <line num="924" type="stmt" count="0"/>
        <line num="928" type="stmt" count="22"/>
        <line num="931" type="stmt" count="0"/>
        <line num="934" type="method" name="isOperationEnabled" visibility="private" complexity="3" crap="3.24" count="22"/>
        <line num="936" type="stmt" count="22"/>
        <line num="939" type="stmt" count="22"/>
        <line num="940" type="stmt" count="22"/>
        <line num="941" type="stmt" count="22"/>
        <line num="942" type="stmt" count="22"/>
        <line num="944" type="stmt" count="22"/>
        <line num="945" type="stmt" count="0"/>
        <line num="946" type="stmt" count="0"/>
        <line num="947" type="stmt" count="0"/>
        <line num="951" type="stmt" count="22"/>
        <line num="954" type="method" name="buildMessages" visibility="private" complexity="15" crap="15" count="41"/>
        <line num="956" type="stmt" count="41"/>
        <line num="957" type="stmt" count="41"/>
        <line num="958" type="stmt" count="41"/>
        <line num="960" type="stmt" count="41"/>
        <line num="961" type="stmt" count="41"/>
        <line num="963" type="stmt" count="41"/>
        <line num="964" type="stmt" count="37"/>
        <line num="965" type="stmt" count="4"/>
        <line num="966" type="stmt" count="4"/>
        <line num="969" type="stmt" count="4"/>
        <line num="970" type="stmt" count="4"/>
        <line num="971" type="stmt" count="4"/>
        <line num="972" type="stmt" count="4"/>
        <line num="973" type="stmt" count="4"/>
        <line num="975" type="stmt" count="4"/>
        <line num="976" type="stmt" count="4"/>
        <line num="977" type="stmt" count="4"/>
        <line num="978" type="stmt" count="4"/>
        <line num="979" type="stmt" count="4"/>
        <line num="980" type="stmt" count="4"/>
        <line num="983" type="stmt" count="37"/>
        <line num="984" type="stmt" count="37"/>
        <line num="985" type="stmt" count="21"/>
        <line num="986" type="stmt" count="21"/>
        <line num="987" type="stmt" count="21"/>
        <line num="988" type="stmt" count="21"/>
        <line num="989" type="stmt" count="21"/>
        <line num="990" type="stmt" count="21"/>
        <line num="991" type="stmt" count="37"/>
        <line num="992" type="stmt" count="24"/>
        <line num="993" type="stmt" count="24"/>
        <line num="994" type="stmt" count="24"/>
        <line num="995" type="stmt" count="24"/>
        <line num="996" type="stmt" count="24"/>
        <line num="997" type="stmt" count="24"/>
        <line num="998" type="stmt" count="16"/>
        <line num="1002" type="stmt" count="24"/>
        <line num="1003" type="stmt" count="24"/>
        <line num="1004" type="stmt" count="24"/>
        <line num="1005" type="stmt" count="24"/>
        <line num="1006" type="stmt" count="24"/>
        <line num="1007" type="stmt" count="24"/>
        <line num="1009" type="stmt" count="37"/>
        <line num="1010" type="stmt" count="37"/>
        <line num="1011" type="stmt" count="37"/>
        <line num="1012" type="stmt" count="37"/>
        <line num="1014" type="stmt" count="37"/>
        <line num="1018" type="stmt" count="41"/>
        <line num="1019" type="stmt" count="37"/>
        <line num="1021" type="stmt" count="41"/>
        <line num="1023" type="stmt" count="41"/>
        <line num="1026" type="method" name="buildLlmConfigBlock" visibility="private" complexity="5" crap="5" count="29"/>
        <line num="1028" type="stmt" count="29"/>
        <line num="1029" type="stmt" count="27"/>
        <line num="1032" type="stmt" count="2"/>
        <line num="1033" type="stmt" count="2"/>
        <line num="1034" type="stmt" count="2"/>
        <line num="1035" type="stmt" count="1"/>
        <line num="1036" type="stmt" count="1"/>
        <line num="1037" type="stmt" count="2"/>
        <line num="1040" type="stmt" count="2"/>
        <line num="1043" type="method" name="buildToolDefinitions" visibility="private" complexity="16" crap="25.02" count="40"/>
        <line num="1045" type="stmt" count="40"/>
        <line num="1048" type="stmt" count="40"/>
        <line num="1049" type="stmt" count="40"/>
        <line num="1050" type="stmt" count="40"/>
        <line num="1051" type="stmt" count="40"/>
        <line num="1053" type="stmt" count="40"/>
        <line num="1054" type="stmt" count="29"/>
        <line num="1056" type="stmt" count="29"/>
        <line num="1057" type="stmt" count="1"/>
        <line num="1060" type="stmt" count="29"/>
        <line num="1061" type="stmt" count="29"/>
        <line num="1063" type="stmt" count="29"/>
        <line num="1064" type="stmt" count="0"/>
        <line num="1068" type="stmt" count="29"/>
        <line num="1070" type="stmt" count="29"/>
        <line num="1072" type="stmt" count="29"/>
        <line num="1074" type="stmt" count="29"/>
        <line num="1075" type="stmt" count="29"/>
        <line num="1076" type="stmt" count="29"/>
        <line num="1078" type="stmt" count="29"/>
        <line num="1079" type="stmt" count="29"/>
        <line num="1080" type="stmt" count="29"/>
        <line num="1082" type="stmt" count="29"/>
        <line num="1083" type="stmt" count="0"/>
        <line num="1085" type="stmt" count="29"/>
        <line num="1086" type="stmt" count="0"/>
        <line num="1087" type="stmt" count="0"/>
        <line num="1089" type="stmt" count="29"/>
        <line num="1090" type="stmt" count="29"/>
        <line num="1094" type="stmt" count="29"/>
        <line num="1095" type="stmt" count="0"/>
        <line num="1098" type="stmt" count="29"/>
        <line num="1099" type="stmt" count="29"/>
        <line num="1101" type="stmt" count="29"/>
        <line num="1102" type="stmt" count="2"/>
        <line num="1103" type="stmt" count="27"/>
        <line num="1104" type="stmt" count="29"/>
        <line num="1106" type="stmt" count="29"/>
        <line num="1107" type="stmt" count="29"/>
        <line num="1108" type="stmt" count="29"/>
        <line num="1109" type="stmt" count="29"/>
        <line num="1110" type="stmt" count="29"/>
        <line num="1111" type="stmt" count="29"/>
        <line num="1112" type="stmt" count="29"/>
        <line num="1113" type="stmt" count="29"/>
        <line num="1115" type="stmt" count="0"/>
        <line num="1117" type="stmt" count="0"/>
        <line num="1118" type="stmt" count="0"/>
        <line num="1121" type="stmt" count="0"/>
        <line num="1122" type="stmt" count="0"/>
        <line num="1123" type="stmt" count="0"/>
        <line num="1124" type="stmt" count="0"/>
        <line num="1126" type="stmt" count="0"/>
        <line num="1127" type="stmt" count="0"/>
        <line num="1128" type="stmt" count="0"/>
        <line num="1129" type="stmt" count="0"/>
        <line num="1130" type="stmt" count="0"/>
        <line num="1131" type="stmt" count="0"/>
        <line num="1132" type="stmt" count="0"/>
        <line num="1133" type="stmt" count="0"/>
        <line num="1137" type="stmt" count="40"/>
        <line num="1140" type="method" name="callTraitMethod" visibility="private" complexity="1" crap="1" count="22"/>
        <line num="1143" type="stmt" count="22"/>
        <line num="1144" type="stmt" count="22"/>
        <line num="1147" type="method" name="resolveToolByName" visibility="private" complexity="5" crap="5.39" count="22"/>
        <line num="1150" type="stmt" count="22"/>
        <line num="1151" type="stmt" count="22"/>
        <line num="1152" type="stmt" count="0"/>
        <line num="1155" type="stmt" count="22"/>
        <line num="1156" type="stmt" count="22"/>
        <line num="1157" type="stmt" count="22"/>
        <line num="1159" type="stmt" count="22"/>
        <line num="1160" type="stmt" count="0"/>
        <line num="1164" type="stmt" count="22"/>
        <line num="1166" type="stmt" count="22"/>
        <line num="1167" type="stmt" count="22"/>
        <line num="1171" type="stmt" count="0"/>
        <line num="1174" type="method" name="qualifiedToolName" visibility="private" complexity="4" crap="7.46" count="29"/>
        <line num="1176" type="stmt" count="29"/>
        <line num="1177" type="stmt" count="0"/>
        <line num="1178" type="stmt" count="0"/>
        <line num="1179" type="stmt" count="0"/>
        <line num="1184" type="stmt" count="29"/>
        <line num="1187" type="method" name="appendHistory" visibility="private" complexity="2" crap="2.00" count="40"/>
        <line num="1198" type="stmt" count="40"/>
        <line num="1199" type="stmt" count="40"/>
        <line num="1200" type="stmt" count="40"/>
        <line num="1201" type="stmt" count="40"/>
        <line num="1202" type="stmt" count="40"/>
        <line num="1203" type="stmt" count="40"/>
        <line num="1204" type="stmt" count="40"/>
        <line num="1205" type="stmt" count="40"/>
        <line num="1206" type="stmt" count="40"/>
        <line num="1207" type="stmt" count="40"/>
        <line num="1210" type="stmt" count="40"/>
        <line num="1211" type="stmt" count="0"/>
        <line num="1214" type="stmt" count="40"/>
        <line num="1215" type="stmt" count="40"/>
        <line num="1216" type="stmt" count="40"/>
        <line num="1217" type="stmt" count="40"/>
        <line num="1218" type="stmt" count="40"/>
        <line num="1221" type="method" name="classifyError" visibility="private" complexity="6" crap="11.84" count="1"/>
        <line num="1223" type="stmt" count="1"/>
        <line num="1224" type="stmt" count="0"/>
        <line num="1227" type="stmt" count="1"/>
        <line num="1228" type="stmt" count="0"/>
        <line num="1231" type="stmt" count="1"/>
        <line num="1232" type="stmt" count="0"/>
        <line num="1233" type="stmt" count="0"/>
        <line num="1234" type="stmt" count="0"/>
        <line num="1238" type="stmt" count="1"/>
        <line num="1239" type="stmt" count="0"/>
        <line num="1242" type="stmt" count="1"/>
        <line num="1245" type="method" name="classifyRetryableError" visibility="private" complexity="4" crap="20" count="0"/>
        <line num="1247" type="stmt" count="0"/>
        <line num="1248" type="stmt" count="0"/>
        <line num="1249" type="stmt" count="0"/>
        <line num="1251" type="stmt" count="0"/>
        <line num="1252" type="stmt" count="0"/>
        <line num="1254" type="stmt" count="0"/>
        <line num="1257" type="method" name="classifyProviderError" visibility="private" complexity="5" crap="30" count="0"/>
        <line num="1259" type="stmt" count="0"/>
        <line num="1260" type="stmt" count="0"/>
        <line num="1261" type="stmt" count="0"/>
        <line num="1263" type="stmt" count="0"/>
        <line num="1264" type="stmt" count="0"/>
        <line num="1266" type="stmt" count="0"/>
        <line num="1267" type="stmt" count="0"/>
        <line num="1269" type="stmt" count="0"/>
        <line num="1272" type="method" name="friendlyMessages" visibility="private" complexity="1" crap="1" count="1"/>
        <line num="1274" type="stmt" count="1"/>
        <line num="1275" type="stmt" count="1"/>
        <line num="1276" type="stmt" count="1"/>
        <line num="1277" type="stmt" count="1"/>
        <line num="1278" type="stmt" count="1"/>
        <line num="1279" type="stmt" count="1"/>
        <line num="1280" type="stmt" count="1"/>
        <line num="1281" type="stmt" count="1"/>
        <line num="1282" type="stmt" count="1"/>
        <line num="1283" type="stmt" count="1"/>
        <line num="1284" type="stmt" count="1"/>
        <line num="1285" type="stmt" count="1"/>
        <line num="1288" type="method" name="resolveLlmConfig" visibility="private" complexity="5" crap="5" count="40"/>
        <line num="1290" type="stmt" count="40"/>
        <line num="1291" type="stmt" count="40"/>
        <line num="1292" type="stmt" count="40"/>
        <line num="1293" type="stmt" count="40"/>
        <line num="1294" type="stmt" count="40"/>
        <line num="1296" type="stmt" count="40"/>
        <line num="1298" type="stmt" count="40"/>
        <line num="1299" type="stmt" count="36"/>
        <line num="1300" type="stmt" count="36"/>
        <line num="1301" type="stmt" count="36"/>
        <line num="1302" type="stmt" count="36"/>
        <line num="1303" type="stmt" count="36"/>
        <line num="1304" type="stmt" count="36"/>
        <line num="1305" type="stmt" count="36"/>
        <line num="1310" type="stmt" count="4"/>
        <line num="1311" type="stmt" count="4"/>
        <line num="1312" type="stmt" count="1"/>
        <line num="1313" type="stmt" count="1"/>
        <line num="1314" type="stmt" count="1"/>
        <line num="1315" type="stmt" count="1"/>
        <line num="1316" type="stmt" count="1"/>
        <line num="1319" type="stmt" count="3"/>
        <line num="1320" type="stmt" count="3"/>
        <line num="1321" type="stmt" count="3"/>
        <line num="1323" type="stmt" count="3"/>
        <line num="1324" type="stmt" count="1"/>
        <line num="1325" type="stmt" count="1"/>
        <line num="1326" type="stmt" count="1"/>
        <line num="1327" type="stmt" count="1"/>
        <line num="1328" type="stmt" count="1"/>
        <line num="1331" type="stmt" count="2"/>
        <line num="1334" type="method" name="getTemperatureFromSettings" visibility="private" complexity="4" crap="4.07" count="38"/>
        <line num="1337" type="stmt" count="38"/>
        <line num="1338" type="stmt" count="1"/>
        <line num="1339" type="stmt" count="0"/>
        <line num="1340" type="stmt" count="1"/>
        <line num="1341" type="stmt" count="37"/>
        <line num="1342" type="stmt" count="37"/>
        <line num="1346" type="method" name="scheduleAutoRetry" visibility="private" complexity="7" crap="46.84" count="1"/>
        <line num="1348" type="stmt" count="1"/>
        <line num="1349" type="stmt" count="1"/>
        <line num="1353" type="stmt" count="0"/>
        <line num="1354" type="stmt" count="0"/>
        <line num="1355" type="stmt" count="0"/>
        <line num="1357" type="stmt" count="0"/>
        <line num="1358" type="stmt" count="0"/>
        <line num="1359" type="stmt" count="0"/>
        <line num="1360" type="stmt" count="0"/>
        <line num="1363" type="stmt" count="0"/>
        <line num="1364" type="stmt" count="0"/>
        <line num="1366" type="stmt" count="0"/>
        <line num="1367" type="stmt" count="0"/>
        <line num="1371" type="stmt" count="0"/>
        <line num="1372" type="stmt" count="0"/>
        <line num="1373" type="stmt" count="0"/>
        <line num="1374" type="stmt" count="0"/>
        <line num="1375" type="stmt" count="0"/>
        <line num="1376" type="stmt" count="0"/>
        <line num="1377" type="stmt" count="0"/>
        <line num="1379" type="stmt" count="0"/>
        <line num="1380" type="stmt" count="0"/>
        <line num="1381" type="stmt" count="0"/>
        <line num="1383" type="stmt" count="0"/>
        <line num="1384" type="stmt" count="0"/>
        <line num="1385" type="stmt" count="0"/>
        <line num="1386" type="stmt" count="0"/>
        <line num="1387" type="stmt" count="0"/>
        <line num="1388" type="stmt" count="0"/>
        <line num="1389" type="stmt" count="0"/>
        <metrics loc="1393" ncloc="1345" classes="1" methods="30" coveredmethods="9" conditionals="0" coveredconditionals="0" statements="835" coveredstatements="582" elements="865" coveredelements="591"/>
      </file>
      <file name="/Users/fabeat/Development/Spora/app/Agents/SchemaValidator.php">
        <class name="Spora\Agents\SchemaValidator" namespace="Spora\Agents">
          <metrics complexity="17" methods="1" coveredmethods="0" conditionals="0" coveredconditionals="0" statements="29" coveredstatements="23" elements="30" coveredelements="23"/>
        </class>
        <line num="27" type="method" name="validate" visibility="public" complexity="17" crap="19.56" count="28"/>
        <line num="29" type="stmt" count="28"/>
        <line num="30" type="stmt" count="28"/>
        <line num="32" type="stmt" count="28"/>
        <line num="33" type="stmt" count="8"/>
        <line num="34" type="stmt" count="4"/>
        <line num="35" type="stmt" count="4"/>
        <line num="36" type="stmt" count="4"/>
        <line num="40" type="stmt" count="25"/>
        <line num="41" type="stmt" count="6"/>
        <line num="42" type="stmt" count="1"/>
        <line num="45" type="stmt" count="6"/>
        <line num="47" type="stmt" count="6"/>
        <line num="48" type="stmt" count="0"/>
        <line num="51" type="stmt" count="6"/>
        <line num="52" type="stmt" count="6"/>
        <line num="53" type="stmt" count="4"/>
        <line num="54" type="stmt" count="1"/>
        <line num="55" type="stmt" count="0"/>
        <line num="56" type="stmt" count="1"/>
        <line num="57" type="stmt" count="0"/>
        <line num="58" type="stmt" count="0"/>
        <line num="59" type="stmt" count="0"/>
        <line num="60" type="stmt" count="0"/>
        <line num="61" type="stmt" count="6"/>
        <line num="63" type="stmt" count="6"/>
        <line num="64" type="stmt" count="1"/>
        <line num="65" type="stmt" count="1"/>
        <line num="66" type="stmt" count="1"/>
        <line num="67" type="stmt" count="1"/>
        <metrics loc="72" ncloc="55" classes="1" methods="1" coveredmethods="0" conditionals="0" coveredconditionals="0" statements="29" coveredstatements="23" elements="30" coveredelements="23"/>
      </file>
    </package>
    <file name="/Users/fabeat/Development/Spora/app/Agents/OrchestratorInterface.php">
      <metrics loc="59" ncloc="21" classes="0" methods="0" coveredmethods="0" conditionals="0" coveredconditionals="0" statements="0" coveredstatements="0" elements="0" coveredelements="0"/>
    </file>
    <package name="Spora\Agents\ValueObjects">
      <file name="/Users/fabeat/Development/Spora/app/Agents/ValueObjects/AgentState.php">
        <class name="Spora\Agents\ValueObjects\AgentState" namespace="Spora\Agents\ValueObjects">
          <metrics complexity="4" methods="3" coveredmethods="2" conditionals="0" coveredconditionals="0" statements="40" coveredstatements="39" elements="43" coveredelements="41"/>
        </class>
        <line num="15" type="method" name="__construct" visibility="public" complexity="1" crap="1" count="13"/>
        <line num="38" type="stmt" count="13"/>
        <line num="40" type="method" name="fromJson" visibility="public" complexity="2" crap="2" count="9"/>
        <line num="42" type="stmt" count="9"/>
        <line num="44" type="stmt" count="9"/>
        <line num="45" type="stmt" count="9"/>
        <line num="46" type="stmt" count="9"/>
        <line num="48" type="stmt" count="9"/>
        <line num="49" type="stmt" count="0"/>
        <line num="52" type="stmt" count="9"/>
        <line num="53" type="stmt" count="9"/>
        <line num="54" type="stmt" count="9"/>
        <line num="55" type="stmt" count="9"/>
        <line num="56" type="stmt" count="9"/>
        <line num="57" type="stmt" count="9"/>
        <line num="58" type="stmt" count="9"/>
        <line num="59" type="stmt" count="9"/>
        <line num="61" type="stmt" count="9"/>
        <line num="62" type="stmt" count="9"/>
        <line num="63" type="stmt" count="9"/>
        <line num="64" type="stmt" count="9"/>
        <line num="65" type="stmt" count="9"/>
        <line num="66" type="stmt" count="9"/>
        <line num="67" type="stmt" count="9"/>
        <line num="68" type="stmt" count="9"/>
        <line num="69" type="stmt" count="9"/>
        <line num="72" type="method" name="toJson" visibility="public" complexity="1" crap="1" count="12"/>
        <line num="74" type="stmt" count="12"/>
        <line num="75" type="stmt" count="12"/>
        <line num="76" type="stmt" count="12"/>
        <line num="77" type="stmt" count="12"/>
        <line num="78" type="stmt" count="12"/>
        <line num="79" type="stmt" count="12"/>
        <line num="80" type="stmt" count="12"/>
        <line num="81" type="stmt" count="12"/>
        <line num="82" type="stmt" count="12"/>
        <line num="83" type="stmt" count="12"/>
        <line num="84" type="stmt" count="12"/>
        <line num="85" type="stmt" count="12"/>
        <line num="86" type="stmt" count="12"/>
        <line num="87" type="stmt" count="12"/>
        <line num="88" type="stmt" count="12"/>
        <line num="89" type="stmt" count="12"/>
        <metrics loc="92" ncloc="75" classes="1" methods="3" coveredmethods="2" conditionals="0" coveredconditionals="0" statements="40" coveredstatements="39" elements="43" coveredelements="41"/>
      </file>
      <file name="/Users/fabeat/Development/Spora/app/Agents/ValueObjects/WorkerMode.php">
        <class name="Spora\Agents\ValueObjects\WorkerMode" namespace="Spora\Agents\ValueObjects">
          <metrics complexity="0" methods="0" coveredmethods="0" conditionals="0" coveredconditionals="0" statements="0" coveredstatements="0" elements="0" coveredelements="0"/>
        </class>
        <metrics loc="15" ncloc="13" classes="0" methods="0" coveredmethods="0" conditionals="0" coveredconditionals="0" statements="0" coveredstatements="0" elements="0" coveredelements="0"/>
      </file>
    </package>
    <file name="/Users/fabeat/Development/Spora/app/Apps/AppInterface.php">
      <metrics loc="23" ncloc="17" classes="0" methods="0" coveredmethods="0" conditionals="0" coveredconditionals="0" statements="0" coveredstatements="0" elements="0" coveredelements="0"/>
    </file>
    <package name="Spora\Apps">
      <file name="/Users/fabeat/Development/Spora/app/Apps/AppRegistry.php">
        <class name="Spora\Apps\AppRegistry" namespace="Spora\Apps">
          <metrics complexity="5" methods="3" coveredmethods="2" conditionals="0" coveredconditionals="0" statements="9" coveredstatements="6" elements="12" coveredelements="8"/>
        </class>
        <line num="12" type="method" name="register" visibility="public" complexity="1" crap="1" count="1"/>
        <line num="14" type="stmt" count="1"/>
        <line num="15" type="stmt" count="1"/>
        <line num="19" type="method" name="all" visibility="public" complexity="2" crap="2" count="2"/>
        <line num="21" type="stmt" count="2"/>
        <line num="22" type="stmt" count="2"/>
        <line num="23" type="stmt" count="1"/>
        <line num="25" type="stmt" count="2"/>
        <line num="28" type="method" name="get" visibility="public" complexity="2" crap="6" count="0"/>
        <line num="30" type="stmt" count="0"/>
        <line num="31" type="stmt" count="0"/>
        <line num="33" type="stmt" count="0"/>
        <metrics loc="36" ncloc="34" classes="1" methods="3" coveredmethods="2" conditionals="0" coveredconditionals="0" statements="9" coveredstatements="6" elements="12" coveredelements="8"/>
      </file>
      <file name="/Users/fabeat/Development/Spora/app/Apps/MemoriesApp.php">
        <class name="Spora\Apps\MemoriesApp" namespace="Spora\Apps">
          <metrics complexity="4" methods="4" coveredmethods="0" conditionals="0" coveredconditionals="0" statements="4" coveredstatements="0" elements="8" coveredelements="0"/>
        </class>
        <line num="9" type="method" name="name" visibility="public" complexity="1" crap="2" count="0"/>
        <line num="11" type="stmt" count="0"/>
        <line num="14" type="method" name="displayName" visibility="public" complexity="1" crap="2" count="0"/>
        <line num="16" type="stmt" count="0"/>
        <line num="19" type="method" name="description" visibility="public" complexity="1" crap="2" count="0"/>
        <line num="21" type="stmt" count="0"/>
        <line num="24" type="method" name="icon" visibility="public" complexity="1" crap="2" count="0"/>
        <line num="26" type="stmt" count="0"/>
        <metrics loc="29" ncloc="29" classes="1" methods="4" coveredmethods="0" conditionals="0" coveredconditionals="0" statements="4" coveredstatements="0" elements="8" coveredelements="0"/>
      </file>
    </package>
    <package name="Spora\Auth">
      <file name="/Users/fabeat/Development/Spora/app/Auth/AuthService.php">
        <class name="Spora\Auth\AuthService" namespace="Spora\Auth">
          <metrics complexity="43" methods="21" coveredmethods="14" conditionals="0" coveredconditionals="0" statements="72" coveredstatements="51" elements="93" coveredelements="65"/>
        </class>
        <line num="29" type="method" name="__construct" visibility="public" complexity="1" crap="1" count="772"/>
        <line num="31" type="method" name="setSystemMailer" visibility="public" complexity="1" crap="1" count="25"/>
        <line num="33" type="stmt" count="25"/>
        <line num="36" type="method" name="setAppUrl" visibility="public" complexity="1" crap="1" count="24"/>
        <line num="38" type="stmt" count="24"/>
        <line num="41" type="method" name="sendVerificationEmailViaCallback" visibility="private" complexity="2" crap="6" count="0"/>
        <line num="43" type="stmt" count="0"/>
        <line num="44" type="stmt" count="0"/>
        <line num="45" type="stmt" count="0"/>
        <line num="46" type="stmt" count="0"/>
        <line num="47" type="stmt" count="0"/>
        <line num="49" type="stmt" count="0"/>
        <line num="55" type="method" name="grantRole" visibility="public" complexity="1" crap="1" count="36"/>
        <line num="57" type="stmt" count="36"/>
        <line num="63" type="method" name="revokeRole" visibility="public" complexity="1" crap="1" count="3"/>
        <line num="65" type="stmt" count="3"/>
        <line num="71" type="method" name="userHasRole" visibility="public" complexity="1" crap="1" count="4"/>
        <line num="73" type="stmt" count="4"/>
        <line num="79" type="method" name="deleteUser" visibility="public" complexity="1" crap="2" count="0"/>
        <line num="81" type="stmt" count="0"/>
        <line num="90" type="method" name="register" visibility="public" complexity="6" crap="6.01" count="673"/>
        <line num="93" type="stmt" count="673"/>
        <line num="94" type="stmt" count="0"/>
        <line num="95" type="stmt" count="673"/>
        <line num="97" type="stmt" count="673"/>
        <line num="99" type="stmt" count="671"/>
        <line num="100" type="stmt" count="671"/>
        <line num="101" type="stmt" count="671"/>
        <line num="102" type="stmt" count="671"/>
        <line num="105" type="stmt" count="671"/>
        <line num="106" type="stmt" count="4"/>
        <line num="107" type="stmt" count="2"/>
        <line num="108" type="stmt" count="2"/>
        <line num="109" type="stmt" count="1"/>
        <line num="110" type="stmt" count="1"/>
        <line num="111" type="stmt" count="1"/>
        <line num="124" type="method" name="login" visibility="public" complexity="4" crap="4" count="26"/>
        <line num="126" type="stmt" count="26"/>
        <line num="129" type="stmt" count="26"/>
        <line num="130" type="stmt" count="6"/>
        <line num="131" type="stmt" count="5"/>
        <line num="132" type="stmt" count="1"/>
        <line num="133" type="stmt" count="1"/>
        <line num="140" type="method" name="logout" visibility="public" complexity="1" crap="1" count="3"/>
        <line num="142" type="stmt" count="3"/>
        <line num="148" type="method" name="currentUserId" visibility="public" complexity="2" crap="2" count="374"/>
        <line num="150" type="stmt" count="374"/>
        <line num="151" type="stmt" count="24"/>
        <line num="154" type="stmt" count="350"/>
        <line num="160" type="method" name="isLoggedIn" visibility="public" complexity="1" crap="1" count="146"/>
        <line num="162" type="stmt" count="146"/>
        <line num="168" type="method" name="currentUserEmail" visibility="public" complexity="2" crap="2" count="5"/>
        <line num="170" type="stmt" count="5"/>
        <line num="171" type="stmt" count="2"/>
        <line num="174" type="stmt" count="3"/>
        <line num="177" type="method" name="isAdmin" visibility="public" complexity="3" crap="3.07" count="33"/>
        <line num="179" type="stmt" count="33"/>
        <line num="180" type="stmt" count="33"/>
        <line num="181" type="stmt" count="0"/>
        <line num="184" type="stmt" count="33"/>
        <line num="185" type="stmt" count="33"/>
        <line num="195" type="method" name="changePassword" visibility="public" complexity="1" crap="1" count="1"/>
        <line num="197" type="stmt" count="1"/>
        <line num="206" type="method" name="confirmEmail" visibility="public" complexity="6" crap="31.28" count="1"/>
        <line num="208" type="stmt" count="1"/>
        <line num="209" type="stmt" count="0"/>
        <line num="210" type="stmt" count="0"/>
        <line num="212" type="stmt" count="0"/>
        <line num="214" type="stmt" count="0"/>
        <line num="215" type="stmt" count="0"/>
        <line num="216" type="stmt" count="0"/>
        <line num="217" type="stmt" count="0"/>
        <line num="221" type="stmt" count="0"/>
        <line num="233" type="method" name="changeEmail" visibility="public" complexity="2" crap="2.50" count="1"/>
        <line num="235" type="stmt" count="1"/>
        <line num="236" type="stmt" count="1"/>
        <line num="237" type="stmt" count="0"/>
        <line num="240" type="stmt" count="0"/>
        <line num="246" type="method" name="forgotPassword" visibility="public" complexity="2" crap="2" count="1"/>
        <line num="248" type="stmt" count="1"/>
        <line num="249" type="stmt" count="1"/>
        <line num="250" type="stmt" count="1"/>
        <line num="251" type="stmt" count="1"/>
        <line num="252" type="stmt" count="1"/>
        <line num="254" type="stmt" count="1"/>
        <line num="260" type="method" name="resetPassword" visibility="public" complexity="1" crap="1" count="2"/>
        <line num="262" type="stmt" count="2"/>
        <line num="269" type="method" name="resendVerificationEmail" visibility="public" complexity="3" crap="4.12" count="1"/>
        <line num="271" type="stmt" count="1"/>
        <line num="272" type="stmt" count="1"/>
        <line num="276" type="stmt" count="0"/>
        <line num="277" type="stmt" count="0"/>
        <metrics loc="282" ncloc="204" classes="1" methods="21" coveredmethods="14" conditionals="0" coveredconditionals="0" statements="72" coveredstatements="51" elements="93" coveredelements="65"/>
      </file>
    </package>
    <package name="Spora\Auth\Exceptions">
      <file name="/Users/fabeat/Development/Spora/app/Auth/Exceptions/AccountSuspendedException.php">
        <class name="Spora\Auth\Exceptions\AccountSuspendedException" namespace="Spora\Auth\Exceptions">
          <metrics complexity="0" methods="0" coveredmethods="0" conditionals="0" coveredconditionals="0" statements="0" coveredstatements="0" elements="0" coveredelements="0"/>
        </class>
        <metrics loc="10" ncloc="10" classes="0" methods="0" coveredmethods="0" conditionals="0" coveredconditionals="0" statements="0" coveredstatements="0" elements="0" coveredelements="0"/>
      </file>
      <file name="/Users/fabeat/Development/Spora/app/Auth/Exceptions/AccountUnverifiedException.php">
        <class name="Spora\Auth\Exceptions\AccountUnverifiedException" namespace="Spora\Auth\Exceptions">
          <metrics complexity="0" methods="0" coveredmethods="0" conditionals="0" coveredconditionals="0" statements="0" coveredstatements="0" elements="0" coveredelements="0"/>
        </class>
        <metrics loc="10" ncloc="10" classes="0" methods="0" coveredmethods="0" conditionals="0" coveredconditionals="0" statements="0" coveredstatements="0" elements="0" coveredelements="0"/>
      </file>
      <file name="/Users/fabeat/Development/Spora/app/Auth/Exceptions/EmailTakenException.php">
        <class name="Spora\Auth\Exceptions\EmailTakenException" namespace="Spora\Auth\Exceptions">
          <metrics complexity="0" methods="0" coveredmethods="0" conditionals="0" coveredconditionals="0" statements="0" coveredstatements="0" elements="0" coveredelements="0"/>
        </class>
        <metrics loc="10" ncloc="10" classes="0" methods="0" coveredmethods="0" conditionals="0" coveredconditionals="0" statements="0" coveredstatements="0" elements="0" coveredelements="0"/>
      </file>
      <file name="/Users/fabeat/Development/Spora/app/Auth/Exceptions/InvalidCredentialsException.php">
        <class name="Spora\Auth\Exceptions\InvalidCredentialsException" namespace="Spora\Auth\Exceptions">
          <metrics complexity="0" methods="0" coveredmethods="0" conditionals="0" coveredconditionals="0" statements="0" coveredstatements="0" elements="0" coveredelements="0"/>
        </class>
        <metrics loc="10" ncloc="10" classes="0" methods="0" coveredmethods="0" conditionals="0" coveredconditionals="0" statements="0" coveredstatements="0" elements="0" coveredelements="0"/>
      </file>
    </package>
    <package name="Spora\Console\Commands">
      <file name="/Users/fabeat/Development/Spora/app/Console/Commands/DbResetCommand.php">
        <class name="Spora\Console\Commands\DbResetCommand" namespace="Spora\Console\Commands">
          <metrics complexity="26" methods="5" coveredmethods="3" conditionals="0" coveredconditionals="0" statements="78" coveredstatements="71" elements="83" coveredelements="74"/>
        </class>
        <line num="41" type="method" name="__construct" visibility="public" complexity="1" crap="1" count="36"/>
        <line num="45" type="stmt" count="36"/>
        <line num="48" type="method" name="configure" visibility="protected" complexity="1" crap="1" count="36"/>
        <line num="50" type="stmt" count="36"/>
        <line num="51" type="stmt" count="36"/>
        <line num="52" type="stmt" count="36"/>
        <line num="67" type="stmt" count="36"/>
        <line num="70" type="method" name="execute" visibility="protected" complexity="6" crap="6" count="35"/>
        <line num="72" type="stmt" count="35"/>
        <line num="73" type="stmt" count="35"/>
        <line num="74" type="stmt" count="35"/>
        <line num="75" type="stmt" count="35"/>
        <line num="76" type="stmt" count="35"/>
        <line num="79" type="stmt" count="35"/>
        <line num="80" type="stmt" count="25"/>
        <line num="82" type="stmt" count="34"/>
        <line num="84" type="stmt" count="1"/>
        <line num="85" type="stmt" count="1"/>
        <line num="86" type="stmt" count="1"/>
        <line num="89" type="stmt" count="34"/>
        <line num="90" type="stmt" count="14"/>
        <line num="93" type="stmt" count="20"/>
        <line num="94" type="stmt" count="1"/>
        <line num="95" type="stmt" count="1"/>
        <line num="98" type="stmt" count="20"/>
        <line num="100" type="stmt" count="20"/>
        <line num="109" type="method" name="resetSqlite" visibility="private" complexity="10" crap="10.01" count="10"/>
        <line num="113" type="stmt" count="10"/>
        <line num="114" type="stmt" count="10"/>
        <line num="115" type="stmt" count="10"/>
        <line num="116" type="stmt" count="0"/>
        <line num="118" type="stmt" count="10"/>
        <line num="119" type="stmt" count="1"/>
        <line num="120" type="stmt" count="1"/>
        <line num="121" type="stmt" count="1"/>
        <line num="122" type="stmt" count="1"/>
        <line num="123" type="stmt" count="1"/>
        <line num="127" type="stmt" count="9"/>
        <line num="128" type="stmt" count="7"/>
        <line num="129" type="stmt" count="7"/>
        <line num="132" type="stmt" count="9"/>
        <line num="133" type="stmt" count="9"/>
        <line num="134" type="stmt" count="2"/>
        <line num="136" type="stmt" count="9"/>
        <line num="137" type="stmt" count="9"/>
        <line num="139" type="stmt" count="9"/>
        <line num="145" type="method" name="resetMysql" visibility="private" complexity="8" crap="8.30" count="25"/>
        <line num="147" type="stmt" count="25"/>
        <line num="148" type="stmt" count="25"/>
        <line num="149" type="stmt" count="25"/>
        <line num="150" type="stmt" count="25"/>
        <line num="151" type="stmt" count="25"/>
        <line num="157" type="stmt" count="25"/>
        <line num="158" type="stmt" count="25"/>
        <line num="159" type="stmt" count="11"/>
        <line num="160" type="stmt" count="11"/>
        <line num="165" type="stmt" count="14"/>
        <line num="166" type="stmt" count="14"/>
        <line num="167" type="stmt" count="14"/>
        <line num="168" type="stmt" count="14"/>
        <line num="169" type="stmt" count="2"/>
        <line num="172" type="stmt" count="14"/>
        <line num="173" type="stmt" count="2"/>
        <line num="174" type="stmt" count="2"/>
        <line num="175" type="stmt" count="2"/>
        <line num="178" type="stmt" count="12"/>
        <line num="179" type="stmt" count="0"/>
        <line num="180" type="stmt" count="0"/>
        <line num="183" type="stmt" count="0"/>
        <line num="184" type="stmt" count="0"/>
        <line num="185" type="stmt" count="0"/>
        <line num="186" type="stmt" count="0"/>
        <line num="193" type="stmt" count="12"/>
        <line num="194" type="stmt" count="12"/>
        <line num="195" type="stmt" count="12"/>
        <line num="196" type="stmt" count="12"/>
        <line num="197" type="stmt" count="12"/>
        <line num="203" type="stmt" count="12"/>
        <line num="204" type="stmt" count="12"/>
        <line num="205" type="stmt" count="11"/>
        <line num="207" type="stmt" count="11"/>
        <line num="208" type="stmt" count="11"/>
        <line num="210" type="stmt" count="11"/>
        <metrics loc="213" ncloc="170" classes="1" methods="5" coveredmethods="3" conditionals="0" coveredconditionals="0" statements="78" coveredstatements="71" elements="83" coveredelements="74"/>
      </file>
      <file name="/Users/fabeat/Development/Spora/app/Console/Commands/InstallCommand.php">
        <class name="Spora\Console\Commands\InstallCommand" namespace="Spora\Console\Commands">
          <metrics complexity="3" methods="2" coveredmethods="0" conditionals="0" coveredconditionals="0" statements="9" coveredstatements="0" elements="11" coveredelements="0"/>
        </class>
        <line num="21" type="method" name="__construct" visibility="public" complexity="1" crap="2" count="0"/>
        <line num="25" type="stmt" count="0"/>
        <line num="28" type="method" name="execute" visibility="protected" complexity="2" crap="6" count="0"/>
        <line num="30" type="stmt" count="0"/>
        <line num="33" type="stmt" count="0"/>
        <line num="34" type="stmt" count="0"/>
        <line num="36" type="stmt" count="0"/>
        <line num="37" type="stmt" count="0"/>
        <line num="38" type="stmt" count="0"/>
        <line num="39" type="stmt" count="0"/>
        <line num="40" type="stmt" count="0"/>
        <metrics loc="44" ncloc="44" classes="1" methods="2" coveredmethods="0" conditionals="0" coveredconditionals="0" statements="9" coveredstatements="0" elements="11" coveredelements="0"/>
      </file>
      <file name="/Users/fabeat/Development/Spora/app/Console/Commands/SeedCommand.php">
        <class name="Spora\Console\Commands\SeedCommand" namespace="Spora\Console\Commands">
          <metrics complexity="4" methods="3" coveredmethods="0" conditionals="0" coveredconditionals="0" statements="12" coveredstatements="0" elements="15" coveredelements="0"/>
        </class>
        <line num="26" type="method" name="__construct" visibility="public" complexity="1" crap="2" count="0"/>
        <line num="31" type="stmt" count="0"/>
        <line num="34" type="method" name="configure" visibility="protected" complexity="1" crap="2" count="0"/>
        <line num="36" type="stmt" count="0"/>
        <line num="39" type="method" name="execute" visibility="protected" complexity="2" crap="6" count="0"/>
        <line num="41" type="stmt" count="0"/>
        <line num="45" type="stmt" count="0"/>
        <line num="48" type="stmt" count="0"/>
        <line num="49" type="stmt" count="0"/>
        <line num="50" type="stmt" count="0"/>
        <line num="52" type="stmt" count="0"/>
        <line num="53" type="stmt" count="0"/>
        <line num="54" type="stmt" count="0"/>
        <line num="55" type="stmt" count="0"/>
        <line num="56" type="stmt" count="0"/>
        <metrics loc="60" ncloc="51" classes="1" methods="3" coveredmethods="0" conditionals="0" coveredconditionals="0" statements="12" coveredstatements="0" elements="15" coveredelements="0"/>
      </file>
      <file name="/Users/fabeat/Development/Spora/app/Console/Commands/SetupCommand.php">
        <class name="Spora\Console\Commands\SetupCommand" namespace="Spora\Console\Commands">
          <metrics complexity="5" methods="2" coveredmethods="0" conditionals="0" coveredconditionals="0" statements="16" coveredstatements="0" elements="18" coveredelements="0"/>
        </class>
        <line num="26" type="method" name="__construct" visibility="public" complexity="1" crap="2" count="0"/>
        <line num="32" type="stmt" count="0"/>
        <line num="35" type="method" name="execute" visibility="protected" complexity="4" crap="20" count="0"/>
        <line num="37" type="stmt" count="0"/>
        <line num="40" type="stmt" count="0"/>
        <line num="41" type="stmt" count="0"/>
        <line num="42" type="stmt" count="0"/>
        <line num="45" type="stmt" count="0"/>
        <line num="46" type="stmt" count="0"/>
        <line num="48" type="stmt" count="0"/>
        <line num="49" type="stmt" count="0"/>
        <line num="50" type="stmt" count="0"/>
        <line num="51" type="stmt" count="0"/>
        <line num="53" type="stmt" count="0"/>
        <line num="56" type="stmt" count="0"/>
        <line num="57" type="stmt" count="0"/>
        <line num="58" type="stmt" count="0"/>
        <line num="59" type="stmt" count="0"/>
        <metrics loc="63" ncloc="62" classes="1" methods="2" coveredmethods="0" conditionals="0" coveredconditionals="0" statements="16" coveredstatements="0" elements="18" coveredelements="0"/>
      </file>
      <file name="/Users/fabeat/Development/Spora/app/Console/Commands/TaskRunCommand.php">
        <class name="Spora\Console\Commands\TaskRunCommand" namespace="Spora\Console\Commands">
          <metrics complexity="12" methods="4" coveredmethods="3" conditionals="0" coveredconditionals="0" statements="59" coveredstatements="44" elements="63" coveredelements="47"/>
        </class>
        <line num="32" type="method" name="__construct" visibility="public" complexity="1" crap="1" count="1"/>
        <line num="37" type="stmt" count="1"/>
        <line num="40" type="method" name="configure" visibility="protected" complexity="1" crap="1" count="1"/>
        <line num="42" type="stmt" count="1"/>
        <line num="43" type="stmt" count="1"/>
        <line num="46" type="method" name="execute" visibility="protected" complexity="9" crap="12.00" count="1"/>
        <line num="48" type="stmt" count="1"/>
        <line num="50" type="stmt" count="1"/>
        <line num="53" type="stmt" count="1"/>
        <line num="54" type="stmt" count="1"/>
        <line num="55" type="stmt" count="1"/>
        <line num="56" type="stmt" count="1"/>
        <line num="61" type="stmt" count="1"/>
        <line num="64" type="stmt" count="1"/>
        <line num="66" type="stmt" count="1"/>
        <line num="67" type="stmt" count="1"/>
        <line num="68" type="stmt" count="1"/>
        <line num="69" type="stmt" count="1"/>
        <line num="71" type="stmt" count="1"/>
        <line num="72" type="stmt" count="0"/>
        <line num="75" type="stmt" count="1"/>
        <line num="76" type="stmt" count="1"/>
        <line num="77" type="stmt" count="1"/>
        <line num="80" type="stmt" count="1"/>
        <line num="81" type="stmt" count="1"/>
        <line num="83" type="stmt" count="1"/>
        <line num="84" type="stmt" count="0"/>
        <line num="85" type="stmt" count="0"/>
        <line num="88" type="stmt" count="1"/>
        <line num="92" type="stmt" count="1"/>
        <line num="93" type="stmt" count="1"/>
        <line num="94" type="stmt" count="1"/>
        <line num="96" type="stmt" count="0"/>
        <line num="97" type="stmt" count="0"/>
        <line num="98" type="stmt" count="0"/>
        <line num="99" type="stmt" count="0"/>
        <line num="100" type="stmt" count="0"/>
        <line num="101" type="stmt" count="0"/>
        <line num="104" type="stmt" count="0"/>
        <line num="105" type="stmt" count="0"/>
        <line num="106" type="stmt" count="0"/>
        <line num="107" type="stmt" count="0"/>
        <line num="108" type="stmt" count="0"/>
        <line num="109" type="stmt" count="0"/>
        <line num="112" type="stmt" count="1"/>
        <line num="113" type="stmt" count="1"/>
        <line num="114" type="stmt" count="1"/>
        <line num="115" type="stmt" count="1"/>
        <line num="116" type="stmt" count="1"/>
        <line num="117" type="stmt" count="1"/>
        <line num="119" type="stmt" count="1"/>
        <line num="122" type="method" name="buildOrchestrator" visibility="private" complexity="1" crap="1" count="1"/>
        <line num="124" type="stmt" count="1"/>
        <line num="125" type="stmt" count="1"/>
        <line num="126" type="stmt" count="1"/>
        <line num="127" type="stmt" count="1"/>
        <line num="128" type="stmt" count="1"/>
        <line num="129" type="stmt" count="1"/>
        <line num="130" type="stmt" count="1"/>
        <line num="131" type="stmt" count="1"/>
        <line num="132" type="stmt" count="1"/>
        <line num="133" type="stmt" count="1"/>
        <line num="134" type="stmt" count="1"/>
        <metrics loc="137" ncloc="124" classes="1" methods="4" coveredmethods="3" conditionals="0" coveredconditionals="0" statements="59" coveredstatements="44" elements="63" coveredelements="47"/>
      </file>
      <file name="/Users/fabeat/Development/Spora/app/Console/Commands/ToolSettingsMigrationCommand.php">
        <class name="Spora\Console\Commands\ToolSettingsMigrationCommand" namespace="Spora\Console\Commands">
          <metrics complexity="8" methods="4" coveredmethods="0" conditionals="0" coveredconditionals="0" statements="31" coveredstatements="0" elements="35" coveredelements="0"/>
        </class>
        <line num="22" type="method" name="__construct" visibility="public" complexity="1" crap="2" count="0"/>
        <line num="27" type="stmt" count="0"/>
        <line num="30" type="method" name="configure" visibility="protected" complexity="1" crap="2" count="0"/>
        <line num="32" type="stmt" count="0"/>
        <line num="35" type="method" name="execute" visibility="protected" complexity="1" crap="2" count="0"/>
        <line num="37" type="stmt" count="0"/>
        <line num="39" type="stmt" count="0"/>
        <line num="41" type="stmt" count="0"/>
        <line num="42" type="stmt" count="0"/>
        <line num="43" type="stmt" count="0"/>
        <line num="44" type="stmt" count="0"/>
        <line num="45" type="stmt" count="0"/>
        <line num="47" type="stmt" count="0"/>
        <line num="48" type="stmt" count="0"/>
        <line num="49" type="stmt" count="0"/>
        <line num="51" type="stmt" count="0"/>
        <line num="57" type="method" name="migrateTable" visibility="private" complexity="5" crap="30" count="0"/>
        <line num="59" type="stmt" count="0"/>
        <line num="61" type="stmt" count="0"/>
        <line num="62" type="stmt" count="0"/>
        <line num="63" type="stmt" count="0"/>
        <line num="66" type="stmt" count="0"/>
        <line num="67" type="stmt" count="0"/>
        <line num="68" type="stmt" count="0"/>
        <line num="71" type="stmt" count="0"/>
        <line num="72" type="stmt" count="0"/>
        <line num="76" type="stmt" count="0"/>
        <line num="77" type="stmt" count="0"/>
        <line num="78" type="stmt" count="0"/>
        <line num="79" type="stmt" count="0"/>
        <line num="83" type="stmt" count="0"/>
        <line num="85" type="stmt" count="0"/>
        <line num="86" type="stmt" count="0"/>
        <line num="89" type="stmt" count="0"/>
        <line num="90" type="stmt" count="0"/>
        <metrics loc="93" ncloc="82" classes="1" methods="4" coveredmethods="0" conditionals="0" coveredconditionals="0" statements="31" coveredstatements="0" elements="35" coveredelements="0"/>
      </file>
      <file name="/Users/fabeat/Development/Spora/app/Console/Commands/WorkerRunCommand.php">
        <class name="Spora\Console\Commands\WorkerRunCommand" namespace="Spora\Console\Commands">
          <metrics complexity="118" methods="21" coveredmethods="4" conditionals="0" coveredconditionals="0" statements="439" coveredstatements="217" elements="460" coveredelements="221"/>
        </class>
        <line num="50" type="method" name="__construct" visibility="public" complexity="1" crap="1" count="12"/>
        <line num="58" type="stmt" count="12"/>
        <line num="61" type="method" name="configure" visibility="protected" complexity="1" crap="1" count="12"/>
        <line num="63" type="stmt" count="12"/>
        <line num="64" type="stmt" count="12"/>
        <line num="65" type="stmt" count="12"/>
        <line num="66" type="stmt" count="12"/>
        <line num="67" type="stmt" count="12"/>
        <line num="68" type="stmt" count="12"/>
        <line num="69" type="stmt" count="12"/>
        <line num="70" type="stmt" count="12"/>
        <line num="71" type="stmt" count="12"/>
        <line num="74" type="method" name="execute" visibility="protected" complexity="15" crap="46.25" count="2"/>
        <line num="76" type="stmt" count="2"/>
        <line num="78" type="stmt" count="2"/>
        <line num="79" type="stmt" count="2"/>
        <line num="80" type="stmt" count="2"/>
        <line num="82" type="stmt" count="2"/>
        <line num="84" type="stmt" count="2"/>
        <line num="85" type="stmt" count="2"/>
        <line num="86" type="stmt" count="0"/>
        <line num="89" type="stmt" count="2"/>
        <line num="93" type="stmt" count="2"/>
        <line num="94" type="stmt" count="2"/>
[...]
        <line num="209" type="stmt" count="0"/>
        <line num="211" type="stmt" count="1"/>
        <line num="214" type="method" name="performTopNewsRequest" visibility="private" complexity="2" crap="2.00" count="1"/>
        <line num="216" type="stmt" count="1"/>
        <line num="217" type="stmt" count="1"/>
        <line num="218" type="stmt" count="1"/>
        <line num="219" type="stmt" count="1"/>
        <line num="220" type="stmt" count="1"/>
        <line num="221" type="stmt" count="1"/>
        <line num="222" type="stmt" count="1"/>
        <line num="223" type="stmt" count="1"/>
        <line num="224" type="stmt" count="1"/>
        <line num="225" type="stmt" count="1"/>
        <line num="226" type="stmt" count="1"/>
        <line num="228" type="stmt" count="1"/>
        <line num="229" type="stmt" count="1"/>
        <line num="230" type="stmt" count="1"/>
        <line num="231" type="stmt" count="1"/>
        <line num="232" type="stmt" count="1"/>
        <line num="233" type="stmt" count="1"/>
        <line num="234" type="stmt" count="1"/>
        <line num="235" type="stmt" count="1"/>
        <line num="236" type="stmt" count="1"/>
        <line num="237" type="stmt" count="1"/>
        <line num="239" type="stmt" count="1"/>
        <line num="240" type="stmt" count="1"/>
        <line num="241" type="stmt" count="1"/>
        <line num="242" type="stmt" count="1"/>
        <line num="243" type="stmt" count="1"/>
        <line num="245" type="stmt" count="1"/>
        <line num="246" type="stmt" count="0"/>
        <line num="247" type="stmt" count="0"/>
        <line num="248" type="stmt" count="0"/>
        <line num="251" type="stmt" count="1"/>
        <line num="253" type="stmt" count="1"/>
        <line num="256" type="method" name="formatNewsResults" visibility="private" complexity="3" crap="3.02" count="1"/>
        <line num="258" type="stmt" count="1"/>
        <line num="260" type="stmt" count="1"/>
        <line num="261" type="stmt" count="0"/>
        <line num="262" type="stmt" count="0"/>
        <line num="265" type="stmt" count="1"/>
        <line num="266" type="stmt" count="1"/>
        <line num="267" type="stmt" count="1"/>
        <line num="268" type="stmt" count="1"/>
        <line num="269" type="stmt" count="1"/>
        <line num="270" type="stmt" count="1"/>
        <line num="271" type="stmt" count="1"/>
        <line num="273" type="stmt" count="1"/>
        <line num="274" type="stmt" count="1"/>
        <line num="275" type="stmt" count="1"/>
        <line num="278" type="stmt" count="1"/>
        <line num="281" type="method" name="formatTopNewsResults" visibility="private" complexity="4" crap="4.03" count="1"/>
        <line num="283" type="stmt" count="1"/>
        <line num="285" type="stmt" count="1"/>
        <line num="286" type="stmt" count="0"/>
        <line num="287" type="stmt" count="0"/>
        <line num="290" type="stmt" count="1"/>
        <line num="291" type="stmt" count="1"/>
        <line num="292" type="stmt" count="1"/>
        <line num="293" type="stmt" count="1"/>
        <line num="294" type="stmt" count="1"/>
        <line num="295" type="stmt" count="1"/>
        <line num="296" type="stmt" count="1"/>
        <line num="297" type="stmt" count="1"/>
        <line num="299" type="stmt" count="1"/>
        <line num="300" type="stmt" count="1"/>
        <line num="301" type="stmt" count="1"/>
        <line num="305" type="stmt" count="1"/>
        <metrics loc="308" ncloc="300" classes="1" methods="12" coveredmethods="3" conditionals="0" coveredconditionals="0" statements="153" coveredstatements="131" elements="165" coveredelements="134"/>
      </file>
    </package>
    <package name="Spora\Tools\Attributes">
      <file name="/Users/fabeat/Development/Spora/app/Tools/Attributes/Tool.php">
        <class name="Spora\Tools\Attributes\Tool" namespace="Spora\Tools\Attributes">
          <metrics complexity="2" methods="1" coveredmethods="0" conditionals="0" coveredconditionals="0" statements="4" coveredstatements="1" elements="5" coveredelements="1"/>
        </class>
        <line num="22" type="method" name="__construct" visibility="public" complexity="2" crap="3.69" count="120"/>
        <line num="32" type="stmt" count="120"/>
        <line num="33" type="stmt" count="0"/>
        <line num="34" type="stmt" count="0"/>
        <line num="35" type="stmt" count="0"/>
        <metrics loc="39" ncloc="28" classes="1" methods="1" coveredmethods="0" conditionals="0" coveredconditionals="0" statements="4" coveredstatements="1" elements="5" coveredelements="1"/>
      </file>
      <file name="/Users/fabeat/Development/Spora/app/Tools/Attributes/ToolOperation.php">
        <class name="Spora\Tools\Attributes\ToolOperation" namespace="Spora\Tools\Attributes">
          <metrics complexity="1" methods="1" coveredmethods="1" conditionals="0" coveredconditionals="0" statements="1" coveredstatements="1" elements="2" coveredelements="2"/>
        </class>
        <line num="18" type="method" name="__construct" visibility="public" complexity="1" crap="1" count="219"/>
        <line num="24" type="stmt" count="219"/>
        <metrics loc="26" ncloc="20" classes="1" methods="1" coveredmethods="1" conditionals="0" coveredconditionals="0" statements="1" coveredstatements="1" elements="2" coveredelements="2"/>
      </file>
      <file name="/Users/fabeat/Development/Spora/app/Tools/Attributes/ToolParameter.php">
        <class name="Spora\Tools\Attributes\ToolParameter" namespace="Spora\Tools\Attributes">
          <metrics complexity="2" methods="1" coveredmethods="1" conditionals="0" coveredconditionals="0" statements="5" coveredstatements="5" elements="6" coveredelements="6"/>
        </class>
        <line num="34" type="method" name="__construct" visibility="public" complexity="2" crap="2" count="29"/>
        <line num="57" type="stmt" count="29"/>
        <line num="58" type="stmt" count="1"/>
        <line num="59" type="stmt" count="1"/>
        <line num="60" type="stmt" count="1"/>
        <line num="61" type="stmt" count="1"/>
        <metrics loc="65" ncloc="35" classes="1" methods="1" coveredmethods="1" conditionals="0" coveredconditionals="0" statements="5" coveredstatements="5" elements="6" coveredelements="6"/>
      </file>
      <file name="/Users/fabeat/Development/Spora/app/Tools/Attributes/ToolSetting.php">
        <class name="Spora\Tools\Attributes\ToolSetting" namespace="Spora\Tools\Attributes">
          <metrics complexity="1" methods="1" coveredmethods="1" conditionals="0" coveredconditionals="0" statements="1" coveredstatements="1" elements="2" coveredelements="2"/>
        </class>
        <line num="19" type="method" name="__construct" visibility="public" complexity="1" crap="1" count="149"/>
        <line num="37" type="stmt" count="149"/>
        <metrics loc="39" ncloc="24" classes="1" methods="1" coveredmethods="1" conditionals="0" coveredconditionals="0" statements="1" coveredstatements="1" elements="2" coveredelements="2"/>
      </file>
    </package>
    <package name="Spora\Tools\Schema">
      <file name="/Users/fabeat/Development/Spora/app/Tools/Schema/OperationSchemaFilter.php">
        <class name="Spora\Tools\Schema\OperationSchemaFilter" namespace="Spora\Tools\Schema">
          <metrics complexity="4" methods="1" coveredmethods="1" conditionals="0" coveredconditionals="0" statements="13" coveredstatements="13" elements="14" coveredelements="14"/>
        </class>
        <line num="33" type="method" name="filter" visibility="public" complexity="4" crap="4" count="34"/>
        <line num="35" type="stmt" count="34"/>
        <line num="38" type="stmt" count="34"/>
        <line num="39" type="stmt" count="34"/>
        <line num="40" type="stmt" count="1"/>
        <line num="43" type="stmt" count="34"/>
        <line num="44" type="stmt" count="6"/>
        <line num="45" type="stmt" count="6"/>
        <line num="46" type="stmt" count="6"/>
        <line num="47" type="stmt" count="6"/>
        <line num="51" type="stmt" count="34"/>
        <line num="52" type="stmt" count="34"/>
        <line num="53" type="stmt" count="34"/>
        <line num="55" type="stmt" count="34"/>
        <metrics loc="58" ncloc="34" classes="1" methods="1" coveredmethods="1" conditionals="0" coveredconditionals="0" statements="13" coveredstatements="13" elements="14" coveredelements="14"/>
      </file>
      <file name="/Users/fabeat/Development/Spora/app/Tools/Schema/ToolParameterSchemaBuilder.php">
        <class name="Spora\Tools\Schema\ToolParameterSchemaBuilder" namespace="Spora\Tools\Schema">
          <metrics complexity="19" methods="4" coveredmethods="3" conditionals="0" coveredconditionals="0" statements="59" coveredstatements="52" elements="63" coveredelements="55"/>
        </class>
        <line num="40" type="method" name="build" visibility="public" complexity="8" crap="8.61" count="32"/>
        <line num="42" type="stmt" count="32"/>
        <line num="44" type="stmt" count="32"/>
        <line num="45" type="stmt" count="32"/>
        <line num="46" type="stmt" count="32"/>
        <line num="56" type="stmt" count="32"/>
        <line num="57" type="stmt" count="32"/>
        <line num="59" type="stmt" count="20"/>
        <line num="61" type="stmt" count="20"/>
        <line num="62" type="stmt" count="20"/>
        <line num="64" type="stmt" count="20"/>
        <line num="65" type="stmt" count="20"/>
        <line num="66" type="stmt" count="20"/>
        <line num="67" type="stmt" count="20"/>
        <line num="68" type="stmt" count="20"/>
        <line num="69" type="stmt" count="20"/>
        <line num="76" type="stmt" count="32"/>
        <line num="78" type="stmt" count="28"/>
        <line num="84" type="stmt" count="28"/>
        <line num="85" type="stmt" count="0"/>
        <line num="86" type="stmt" count="0"/>
        <line num="87" type="stmt" count="0"/>
        <line num="88" type="stmt" count="0"/>
        <line num="89" type="stmt" count="0"/>
        <line num="90" type="stmt" count="0"/>
        <line num="91" type="stmt" count="0"/>
        <line num="94" type="stmt" count="28"/>
        <line num="100" type="stmt" count="28"/>
        <line num="101" type="stmt" count="21"/>
        <line num="105" type="stmt" count="32"/>
        <line num="106" type="stmt" count="32"/>
        <line num="107" type="stmt" count="32"/>
        <line num="108" type="stmt" count="32"/>
        <line num="109" type="stmt" count="32"/>
        <line num="122" type="method" name="collectInheritedAttributes" visibility="private" complexity="3" crap="3" count="32"/>
        <line num="124" type="stmt" count="32"/>
        <line num="125" type="stmt" count="32"/>
        <line num="126" type="stmt" count="32"/>
        <line num="127" type="stmt" count="32"/>
        <line num="128" type="stmt" count="31"/>
        <line num="130" type="stmt" count="32"/>
        <line num="132" type="stmt" count="32"/>
        <line num="138" type="method" name="propertyJson" visibility="private" complexity="7" crap="7" count="28"/>
        <line num="140" type="stmt" count="28"/>
        <line num="141" type="stmt" count="28"/>
        <line num="142" type="stmt" count="28"/>
        <line num="143" type="stmt" count="28"/>
        <line num="145" type="stmt" count="28"/>
        <line num="146" type="stmt" count="5"/>
        <line num="149" type="stmt" count="28"/>
        <line num="150" type="stmt" count="6"/>
        <line num="153" type="stmt" count="28"/>
        <line num="154" type="stmt" count="6"/>
        <line num="157" type="stmt" count="28"/>
        <line num="158" type="stmt" count="6"/>
        <line num="161" type="stmt" count="28"/>
        <line num="162" type="stmt" count="5"/>
        <line num="165" type="stmt" count="28"/>
        <line num="166" type="stmt" count="2"/>
        <line num="169" type="stmt" count="28"/>
        <line num="175" type="method" name="buildDiscriminatorDescription" visibility="private" complexity="1" crap="1" count="20"/>
        <line num="177" type="stmt" count="20"/>
        <line num="178" type="stmt" count="20"/>
        <metrics loc="181" ncloc="119" classes="1" methods="4" coveredmethods="3" conditionals="0" coveredconditionals="0" statements="59" coveredstatements="52" elements="63" coveredelements="55"/>
      </file>
    </package>
    <file name="/Users/fabeat/Development/Spora/app/Tools/ToolInterface.php">
      <metrics loc="55" ncloc="19" classes="0" methods="0" coveredmethods="0" conditionals="0" coveredconditionals="0" statements="0" coveredstatements="0" elements="0" coveredelements="0"/>
    </file>
    <package name="Spora\Tools\Traits">
      <file name="/Users/fabeat/Development/Spora/app/Tools/Traits/HasOperations.php">
        <class name="Spora\Tools\Traits\HasOperations" namespace="Spora\Tools\Traits">
          <metrics complexity="12" methods="6" coveredmethods="4" conditionals="0" coveredconditionals="0" statements="29" coveredstatements="24" elements="35" coveredelements="28"/>
        </class>
        <line num="26" type="method" name="getOperationName" visibility="public" complexity="4" crap="4.59" count="191"/>
        <line num="28" type="stmt" count="191"/>
        <line num="29" type="stmt" count="191"/>
        <line num="31" type="stmt" count="191"/>
        <line num="32" type="stmt" count="0"/>
        <line num="33" type="stmt" count="0"/>
        <line num="34" type="stmt" count="0"/>
        <line num="35" type="stmt" count="0"/>
        <line num="39" type="stmt" count="191"/>
        <line num="41" type="stmt" count="191"/>
        <line num="45" type="stmt" count="191"/>
        <line num="46" type="stmt" count="30"/>
        <line num="49" type="stmt" count="162"/>
        <line num="55" type="method" name="getOperation" visibility="public" complexity="3" crap="3.04" count="22"/>
        <line num="57" type="stmt" count="22"/>
        <line num="58" type="stmt" count="22"/>
        <line num="59" type="stmt" count="22"/>
        <line num="60" type="stmt" count="22"/>
        <line num="61" type="stmt" count="22"/>
        <line num="64" type="stmt" count="0"/>
        <line num="71" type="method" name="getOperationDescription" visibility="public" complexity="2" crap="2" count="22"/>
        <line num="73" type="stmt" count="22"/>
        <line num="74" type="stmt" count="22"/>
        <line num="80" type="method" name="isEnabledByDefault" visibility="public" complexity="1" crap="1" count="22"/>
        <line num="82" type="stmt" count="22"/>
        <line num="83" type="stmt" count="22"/>
        <line num="89" type="method" name="requiresApprovalByDefault" visibility="public" complexity="1" crap="1" count="22"/>
        <line num="91" type="stmt" count="22"/>
        <line num="92" type="stmt" count="22"/>
        <line num="100" type="method" name="getOperations" visibility="public" complexity="1" crap="1" count="32"/>
        <line num="102" type="stmt" count="32"/>
        <line num="103" type="stmt" count="32"/>
        <line num="104" type="stmt" count="32"/>
        <line num="105" type="stmt" count="32"/>
        <line num="106" type="stmt" count="32"/>
        <metrics loc="109" ncloc="76" classes="1" methods="6" coveredmethods="4" conditionals="0" coveredconditionals="0" statements="29" coveredstatements="24" elements="35" coveredelements="28"/>
      </file>
      <file name="/Users/fabeat/Development/Spora/app/Tools/Traits/HasParameterSchema.php">
        <class name="Spora\Tools\Traits\HasParameterSchema" namespace="Spora\Tools\Traits">
          <metrics complexity="1" methods="1" coveredmethods="1" conditionals="0" coveredconditionals="0" statements="1" coveredstatements="1" elements="2" coveredelements="2"/>
        </class>
        <line num="30" type="method" name="getParametersSchema" visibility="public" complexity="1" crap="1" count="20"/>
        <line num="32" type="stmt" count="20"/>
        <metrics loc="35" ncloc="17" classes="1" methods="1" coveredmethods="1" conditionals="0" coveredconditionals="0" statements="1" coveredstatements="1" elements="2" coveredelements="2"/>
      </file>
    </package>
    <package name="Spora\Tools\ValueObjects">
      <file name="/Users/fabeat/Development/Spora/app/Tools/ValueObjects/ToolResult.php">
        <class name="Spora\Tools\ValueObjects\ToolResult" namespace="Spora\Tools\ValueObjects">
          <metrics complexity="1" methods="1" coveredmethods="1" conditionals="0" coveredconditionals="0" statements="1" coveredstatements="1" elements="2" coveredelements="2"/>
        </class>
        <line num="13" type="method" name="__construct" visibility="public" complexity="1" crap="1" count="194"/>
        <line num="30" type="stmt" count="194"/>
        <metrics loc="32" ncloc="17" classes="1" methods="1" coveredmethods="1" conditionals="0" coveredconditionals="0" statements="1" coveredstatements="1" elements="2" coveredelements="2"/>
      </file>
    </package>
    <package name="Spora\Workers">
      <file name="/Users/fabeat/Development/Spora/app/Workers/WorkerTickPlanner.php">
        <class name="Spora\Workers\WorkerTickPlanner" namespace="Spora\Workers">
          <metrics complexity="16" methods="3" coveredmethods="1" conditionals="0" coveredconditionals="0" statements="36" coveredstatements="32" elements="39" coveredelements="33"/>
        </class>
        <line num="38" type="method" name="planQueued" visibility="public" complexity="4" crap="4" count="7"/>
        <line num="40" type="stmt" count="7"/>
        <line num="41" type="stmt" count="1"/>
        <line num="44" type="stmt" count="6"/>
        <line num="45" type="stmt" count="4"/>
        <line num="46" type="stmt" count="2"/>
        <line num="48" type="stmt" count="6"/>
        <line num="49" type="stmt" count="4"/>
        <line num="51" type="stmt" count="2"/>
        <line num="66" type="method" name="isOrphan" visibility="public" complexity="7" crap="7.08" count="9"/>
        <line num="68" type="stmt" count="9"/>
        <line num="69" type="stmt" count="1"/>
        <line num="71" type="stmt" count="8"/>
        <line num="72" type="stmt" count="8"/>
        <line num="73" type="stmt" count="1"/>
        <line num="75" type="stmt" count="7"/>
        <line num="76" type="stmt" count="1"/>
        <line num="79" type="stmt" count="6"/>
        <line num="80" type="stmt" count="6"/>
        <line num="81" type="stmt" count="1"/>
        <line num="84" type="stmt" count="5"/>
        <line num="86" type="stmt" count="5"/>
        <line num="87" type="stmt" count="1"/>
        <line num="88" type="stmt" count="4"/>
        <line num="89" type="stmt" count="0"/>
        <line num="90" type="stmt" count="0"/>
        <line num="93" type="stmt" count="5"/>
        <line num="106" type="method" name="isScheduledDue" visibility="public" complexity="5" crap="5.15" count="5"/>
        <line num="111" type="stmt" count="5"/>
        <line num="112" type="stmt" count="2"/>
        <line num="115" type="stmt" count="3"/>
        <line num="116" type="stmt" count="3"/>
        <line num="117" type="stmt" count="1"/>
        <line num="120" type="stmt" count="2"/>
        <line num="122" type="stmt" count="2"/>
        <line num="123" type="stmt" count="2"/>
        <line num="124" type="stmt" count="0"/>
        <line num="125" type="stmt" count="0"/>
        <line num="128" type="stmt" count="2"/>
        <metrics loc="131" ncloc="88" classes="1" methods="3" coveredmethods="1" conditionals="0" coveredconditionals="0" statements="36" coveredstatements="32" elements="39" coveredelements="33"/>
      </file>
    </package>
    <metrics files="158" loc="23966" ncloc="20497" classes="124" methods="853" coveredmethods="488" conditionals="0" coveredconditionals="0" statements="9699" coveredstatements="7585" elements="10552" coveredelements="8073"/>
  </project>
</coverage>
